DEPRECATION WARNING: config.action_view.debug_rjs will be removed in 3.1, from 3.1 onwards you will need to install prototype-rails to continue to use RJS templates . (called from service at /usr/local/lib/ruby/1.8/webrick/httpserver.rb:104)


Started GET "/rails/info/properties" for 127.0.0.1 at Thu Oct 27 16:28:55 -0700 2011

Mysql2::Error (Unknown database 'melhordomundo_development'):
  

Rendered /usr/local/lib/ruby/gems/1.8/gems/actionpack-3.0.9/lib/action_dispatch/middleware/templates/rescues/_trace.erb (12.9ms)
Rendered /usr/local/lib/ruby/gems/1.8/gems/actionpack-3.0.9/lib/action_dispatch/middleware/templates/rescues/_request_and_response.erb (31.4ms)
Rendered /usr/local/lib/ruby/gems/1.8/gems/actionpack-3.0.9/lib/action_dispatch/middleware/templates/rescues/diagnostics.erb within rescues/layout (78.2ms)


Started GET "/rails/info/properties" for 127.0.0.1 at Thu Oct 27 16:29:01 -0700 2011

Mysql2::Error (Unknown database 'melhordomundo_development'):
  

Rendered /usr/local/lib/ruby/gems/1.8/gems/actionpack-3.0.9/lib/action_dispatch/middleware/templates/rescues/_trace.erb (5.8ms)
Rendered /usr/local/lib/ruby/gems/1.8/gems/actionpack-3.0.9/lib/action_dispatch/middleware/templates/rescues/_request_and_response.erb (10.1ms)
Rendered /usr/local/lib/ruby/gems/1.8/gems/actionpack-3.0.9/lib/action_dispatch/middleware/templates/rescues/diagnostics.erb within rescues/layout (31.6ms)
  [1m[36mSQL (222.1ms)[0m  [1mSHOW TABLES[0m
  [1m[35mSQL (270.1ms)[0m  CREATE TABLE `schema_migrations` (`version` varchar(255) NOT NULL) ENGINE=InnoDB
  [1m[36mSQL (5.8ms)[0m  [1mSHOW KEYS FROM `schema_migrations`[0m
  [1m[35mSQL (873.1ms)[0m  CREATE UNIQUE INDEX `unique_schema_migrations` ON `schema_migrations` (`version`)
  [1m[36mSQL (134.2ms)[0m  [1mSHOW TABLES[0m
  [1m[35mSQL (0.7ms)[0m  SHOW TABLES
  [1m[36mSQL (13.7ms)[0m  [1mSELECT `schema_migrations`.`version` FROM `schema_migrations`[0m
Migrating to CreateContacts (20111027233246)
  [1m[35mSQL (66.8ms)[0m  CREATE TABLE `contacts` (`id` int(11) DEFAULT NULL auto_increment PRIMARY KEY, `name` varchar(255), `email` varchar(255), `text` text, `created_at` datetime, `updated_at` datetime) ENGINE=InnoDB
  [1m[36mSQL (245.0ms)[0m  [1mINSERT INTO `schema_migrations` (`version`) VALUES ('20111027233246')[0m
  [1m[35mSQL (142.8ms)[0m  SHOW TABLES
  [1m[36mSQL (1.0ms)[0m  [1mSELECT `schema_migrations`.`version` FROM `schema_migrations`[0m
  [1m[35mSQL (1.0ms)[0m  SHOW TABLES
  [1m[36mSQL (4.6ms)[0m  [1mdescribe `contacts`[0m
  [1m[35mSQL (1.2ms)[0m  SHOW KEYS FROM `contacts`
DEPRECATION WARNING: config.action_view.debug_rjs will be removed in 3.1, from 3.1 onwards you will need to install prototype-rails to continue to use RJS templates . (called from service at /usr/local/lib/ruby/1.8/webrick/httpserver.rb:104)


Started GET "/" for 127.0.0.1 at Thu Oct 27 16:34:41 -0700 2011

ActionController::RoutingError (No route matches "/"):
  

Rendered /usr/local/lib/ruby/gems/1.8/gems/actionpack-3.0.9/lib/action_dispatch/middleware/templates/rescues/routing_error.erb within rescues/layout (3.8ms)


Started GET "/contacts" for 127.0.0.1 at Thu Oct 27 16:34:55 -0700 2011
  Processing by ContactsController#index as HTML
  [1m[36mContact Load (17.0ms)[0m  [1mSELECT `contacts`.* FROM `contacts`[0m
Rendered contacts/index.html.erb within layouts/application (112.4ms)
Completed 200 OK in 687ms (Views: 153.6ms | ActiveRecord: 17.0ms)


Started GET "/javascripts/jquery.js" for 127.0.0.1 at Thu Oct 27 16:34:57 -0700 2011

ActionController::RoutingError (No route matches "/javascripts/jquery.js"):
  

Rendered /usr/local/lib/ruby/gems/1.8/gems/actionpack-3.0.9/lib/action_dispatch/middleware/templates/rescues/routing_error.erb within rescues/layout (3.5ms)


Started GET "/javascripts/jquery_ujs.js" for 127.0.0.1 at Thu Oct 27 16:34:58 -0700 2011

ActionController::RoutingError (No route matches "/javascripts/jquery_ujs.js"):
  

Rendered /usr/local/lib/ruby/gems/1.8/gems/actionpack-3.0.9/lib/action_dispatch/middleware/templates/rescues/routing_error.erb within rescues/layout (8.9ms)


Started GET "/contacts" for 127.0.0.1 at Thu Oct 27 16:36:15 -0700 2011
  Processing by ContactsController#index as HTML
  [1m[35mContact Load (0.5ms)[0m  SELECT `contacts`.* FROM `contacts`
Rendered contacts/index.html.erb within layouts/application (17.9ms)
Completed 200 OK in 79ms (Views: 53.7ms | ActiveRecord: 0.5ms)


Started GET "/javascripts/jquery.js" for 127.0.0.1 at Thu Oct 27 16:36:16 -0700 2011

ActionController::RoutingError (No route matches "/javascripts/jquery.js"):
  

Rendered /usr/local/lib/ruby/gems/1.8/gems/actionpack-3.0.9/lib/action_dispatch/middleware/templates/rescues/routing_error.erb within rescues/layout (3.2ms)


Started GET "/javascripts/jquery_ujs.js" for 127.0.0.1 at Thu Oct 27 16:36:16 -0700 2011

ActionController::RoutingError (No route matches "/javascripts/jquery_ujs.js"):
  

Rendered /usr/local/lib/ruby/gems/1.8/gems/actionpack-3.0.9/lib/action_dispatch/middleware/templates/rescues/routing_error.erb within rescues/layout (2.9ms)


Started GET "/contacts" for 127.0.0.1 at Thu Oct 27 16:36:35 -0700 2011
  Processing by ContactsController#index as HTML
  [1m[36mContact Load (0.5ms)[0m  [1mSELECT `contacts`.* FROM `contacts`[0m
Rendered contacts/index.html.erb within layouts/application (12.3ms)
Completed 200 OK in 60ms (Views: 30.6ms | ActiveRecord: 0.5ms)


Started GET "/javascripts/jquery.js" for 127.0.0.1 at Thu Oct 27 16:36:35 -0700 2011

ActionController::RoutingError (No route matches "/javascripts/jquery.js"):
  

Rendered /usr/local/lib/ruby/gems/1.8/gems/actionpack-3.0.9/lib/action_dispatch/middleware/templates/rescues/routing_error.erb within rescues/layout (3.0ms)


Started GET "/javascripts/jquery_ujs.js" for 127.0.0.1 at Thu Oct 27 16:36:35 -0700 2011

ActionController::RoutingError (No route matches "/javascripts/jquery_ujs.js"):
  

Rendered /usr/local/lib/ruby/gems/1.8/gems/actionpack-3.0.9/lib/action_dispatch/middleware/templates/rescues/routing_error.erb within rescues/layout (3.0ms)


Started GET "/javascripts/jquery_ujs.js" for 127.0.0.1 at Thu Oct 27 16:36:35 -0700 2011

ActionController::RoutingError (No route matches "/javascripts/jquery_ujs.js"):
  

Rendered /usr/local/lib/ruby/gems/1.8/gems/actionpack-3.0.9/lib/action_dispatch/middleware/templates/rescues/routing_error.erb within rescues/layout (3.0ms)


Started GET "/contacts" for 127.0.0.1 at Thu Oct 27 16:38:17 -0700 2011
  Processing by ContactsController#index as HTML
  [1m[35mContact Load (11.2ms)[0m  SELECT `contacts`.* FROM `contacts`
Rendered contacts/index.html.erb within layouts/application (125.6ms)
Completed 200 OK in 209ms (Views: 165.2ms | ActiveRecord: 11.2ms)


Started GET "/javascripts/jquery.js" for 127.0.0.1 at Thu Oct 27 16:38:18 -0700 2011

ActionController::RoutingError (No route matches "/javascripts/jquery.js"):
  

Rendered /usr/local/lib/ruby/gems/1.8/gems/actionpack-3.0.9/lib/action_dispatch/middleware/templates/rescues/routing_error.erb within rescues/layout (3.2ms)


Started GET "/javascripts/jquery_ujs.js" for 127.0.0.1 at Thu Oct 27 16:38:19 -0700 2011

ActionController::RoutingError (No route matches "/javascripts/jquery_ujs.js"):
  

Rendered /usr/local/lib/ruby/gems/1.8/gems/actionpack-3.0.9/lib/action_dispatch/middleware/templates/rescues/routing_error.erb within rescues/layout (3.1ms)


Started GET "/contacts" for 127.0.0.1 at Thu Oct 27 16:38:42 -0700 2011
  Processing by ContactsController#index as HTML
  [1m[36mContact Load (10.8ms)[0m  [1mSELECT `contacts`.* FROM `contacts`[0m
Rendered contacts/index.html.erb within layouts/application (34.4ms)
Completed 200 OK in 208ms (Views: 156.4ms | ActiveRecord: 10.8ms)


Started GET "/javascripts/jquery_ujs.js" for 127.0.0.1 at Thu Oct 27 16:38:43 -0700 2011

ActionController::RoutingError (No route matches "/javascripts/jquery_ujs.js"):
  

Rendered /usr/local/lib/ruby/gems/1.8/gems/actionpack-3.0.9/lib/action_dispatch/middleware/templates/rescues/routing_error.erb within rescues/layout (3.7ms)


Started GET "/javascripts/jquery.js" for 127.0.0.1 at Thu Oct 27 16:38:43 -0700 2011

ActionController::RoutingError (No route matches "/javascripts/jquery.js"):
  

Rendered /usr/local/lib/ruby/gems/1.8/gems/actionpack-3.0.9/lib/action_dispatch/middleware/templates/rescues/routing_error.erb within rescues/layout (2.9ms)


Started GET "/javascripts/jquery_ujs.js" for 127.0.0.1 at Thu Oct 27 16:38:44 -0700 2011

ActionController::RoutingError (No route matches "/javascripts/jquery_ujs.js"):
  

Rendered /usr/local/lib/ruby/gems/1.8/gems/actionpack-3.0.9/lib/action_dispatch/middleware/templates/rescues/routing_error.erb within rescues/layout (3.5ms)


Started GET "/contacts" for 127.0.0.1 at Thu Oct 27 16:43:46 -0700 2011
  Processing by ContactsController#index as HTML
  [1m[35mContact Load (67.8ms)[0m  SELECT `contacts`.* FROM `contacts`
Rendered contacts/index.html.erb within layouts/application (90.4ms)
Completed 200 OK in 437ms (Views: 193.9ms | ActiveRecord: 67.8ms)


Started GET "/javascripts/jquery.js" for 127.0.0.1 at Thu Oct 27 16:43:48 -0700 2011

ActionController::RoutingError (No route matches "/javascripts/jquery.js"):
  

Rendered /usr/local/lib/ruby/gems/1.8/gems/actionpack-3.0.9/lib/action_dispatch/middleware/templates/rescues/routing_error.erb within rescues/layout (3.3ms)


Started GET "/javascripts/jquery_ujs.js" for 127.0.0.1 at Thu Oct 27 16:43:48 -0700 2011

ActionController::RoutingError (No route matches "/javascripts/jquery_ujs.js"):
  

Rendered /usr/local/lib/ruby/gems/1.8/gems/actionpack-3.0.9/lib/action_dispatch/middleware/templates/rescues/routing_error.erb within rescues/layout (3.4ms)


Started GET "/contacts" for 127.0.0.1 at Thu Oct 27 16:43:52 -0700 2011
  Processing by ContactsController#index as HTML
  [1m[36mContact Load (0.5ms)[0m  [1mSELECT `contacts`.* FROM `contacts`[0m
Rendered contacts/index.html.erb within layouts/application (117.3ms)
Completed 200 OK in 520ms (Views: 454.0ms | ActiveRecord: 0.5ms)


Started GET "/contacts" for 127.0.0.1 at Thu Oct 27 16:45:09 -0700 2011
  Processing by ContactsController#index as HTML
  [1m[35mContact Load (0.7ms)[0m  SELECT `contacts`.* FROM `contacts`
Rendered contacts/index.html.erb within layouts/application (15.6ms)
Completed 200 OK in 90ms (Views: 61.9ms | ActiveRecord: 0.7ms)


Started GET "/javascripts/jquery.js" for 127.0.0.1 at Thu Oct 27 16:45:09 -0700 2011

ActionController::RoutingError (No route matches "/javascripts/jquery.js"):
  

Rendered /usr/local/lib/ruby/gems/1.8/gems/actionpack-3.0.9/lib/action_dispatch/middleware/templates/rescues/routing_error.erb within rescues/layout (10.2ms)


Started GET "/javascripts/jquery_ujs.js" for 127.0.0.1 at Thu Oct 27 16:45:09 -0700 2011

ActionController::RoutingError (No route matches "/javascripts/jquery_ujs.js"):
  

Rendered /usr/local/lib/ruby/gems/1.8/gems/actionpack-3.0.9/lib/action_dispatch/middleware/templates/rescues/routing_error.erb within rescues/layout (4.2ms)


Started GET "/javascripts/jquery_ujs.js" for 127.0.0.1 at Thu Oct 27 16:45:09 -0700 2011

ActionController::RoutingError (No route matches "/javascripts/jquery_ujs.js"):
  

Rendered /usr/local/lib/ruby/gems/1.8/gems/actionpack-3.0.9/lib/action_dispatch/middleware/templates/rescues/routing_error.erb within rescues/layout (4.1ms)


Started GET "/contacts" for 127.0.0.1 at Thu Oct 27 16:47:52 -0700 2011
  Processing by ContactsController#index as HTML
  [1m[36mContact Load (54.4ms)[0m  [1mSELECT `contacts`.* FROM `contacts`[0m
Rendered contacts/index.html.erb within layouts/application (24.8ms)
Completed 200 OK in 196ms (Views: 42.9ms | ActiveRecord: 54.4ms)


Started GET "/javascripts/jquery.js" for 127.0.0.1 at Thu Oct 27 16:47:53 -0700 2011

ActionController::RoutingError (No route matches "/javascripts/jquery.js"):
  

Rendered /usr/local/lib/ruby/gems/1.8/gems/actionpack-3.0.9/lib/action_dispatch/middleware/templates/rescues/routing_error.erb within rescues/layout (3.2ms)


Started GET "/javascripts/jquery_ujs.js" for 127.0.0.1 at Thu Oct 27 16:47:53 -0700 2011

ActionController::RoutingError (No route matches "/javascripts/jquery_ujs.js"):
  

Rendered /usr/local/lib/ruby/gems/1.8/gems/actionpack-3.0.9/lib/action_dispatch/middleware/templates/rescues/routing_error.erb within rescues/layout (3.5ms)


Started GET "/contacts" for 127.0.0.1 at Thu Oct 27 16:47:56 -0700 2011
  Processing by ContactsController#index as HTML
  [1m[35mContact Load (51.4ms)[0m  SELECT `contacts`.* FROM `contacts`
Rendered contacts/index.html.erb within layouts/application (36.2ms)
Completed 200 OK in 1046ms (Views: 55.5ms | ActiveRecord: 51.4ms)


Started GET "/javascripts/jquery_ujs.js" for 127.0.0.1 at Thu Oct 27 16:47:59 -0700 2011

ActionController::RoutingError (No route matches "/javascripts/jquery_ujs.js"):
  

Rendered /usr/local/lib/ruby/gems/1.8/gems/actionpack-3.0.9/lib/action_dispatch/middleware/templates/rescues/routing_error.erb within rescues/layout (3.2ms)


Started GET "/javascripts/jquery.js" for 127.0.0.1 at Thu Oct 27 16:47:59 -0700 2011

ActionController::RoutingError (No route matches "/javascripts/jquery.js"):
  

Rendered /usr/local/lib/ruby/gems/1.8/gems/actionpack-3.0.9/lib/action_dispatch/middleware/templates/rescues/routing_error.erb within rescues/layout (56.4ms)


Started GET "/javascripts/jquery_ujs.js" for 127.0.0.1 at Thu Oct 27 16:48:00 -0700 2011

ActionController::RoutingError (No route matches "/javascripts/jquery_ujs.js"):
  

Rendered /usr/local/lib/ruby/gems/1.8/gems/actionpack-3.0.9/lib/action_dispatch/middleware/templates/rescues/routing_error.erb within rescues/layout (3.4ms)


Started GET "/contacts" for 127.0.0.1 at Thu Oct 27 16:48:25 -0700 2011
  Processing by ContactsController#index as HTML
  [1m[36mContact Load (0.6ms)[0m  [1mSELECT `contacts`.* FROM `contacts`[0m
Rendered contacts/index.html.erb within layouts/application (41.9ms)
Completed 200 OK in 114ms (Views: 69.3ms | ActiveRecord: 0.6ms)


Started GET "/javascripts/jquery_ujs.js" for 127.0.0.1 at Thu Oct 27 16:48:26 -0700 2011

ActionController::RoutingError (No route matches "/javascripts/jquery_ujs.js"):
  

Rendered /usr/local/lib/ruby/gems/1.8/gems/actionpack-3.0.9/lib/action_dispatch/middleware/templates/rescues/routing_error.erb within rescues/layout (2.9ms)


Started GET "/javascripts/jquery.js" for 127.0.0.1 at Thu Oct 27 16:48:26 -0700 2011

ActionController::RoutingError (No route matches "/javascripts/jquery.js"):
  

Rendered /usr/local/lib/ruby/gems/1.8/gems/actionpack-3.0.9/lib/action_dispatch/middleware/templates/rescues/routing_error.erb within rescues/layout (3.0ms)


Started GET "/javascripts/jquery_ujs.js" for 127.0.0.1 at Thu Oct 27 16:48:27 -0700 2011

ActionController::RoutingError (No route matches "/javascripts/jquery_ujs.js"):
  

Rendered /usr/local/lib/ruby/gems/1.8/gems/actionpack-3.0.9/lib/action_dispatch/middleware/templates/rescues/routing_error.erb within rescues/layout (98.2ms)


Started GET "/contacts" for 127.0.0.1 at Thu Oct 27 16:57:19 -0700 2011
  Processing by ContactsController#index as HTML
  [1m[35mContact Load (0.5ms)[0m  SELECT `contacts`.* FROM `contacts`
Rendered contacts/index.html.erb within layouts/application (45.0ms)
Completed 200 OK in 261ms (Views: 98.5ms | ActiveRecord: 0.5ms)


Started GET "/javascripts/jquery.js" for 127.0.0.1 at Thu Oct 27 16:57:21 -0700 2011

ActionController::RoutingError (No route matches "/javascripts/jquery.js"):
  

Rendered /usr/local/lib/ruby/gems/1.8/gems/actionpack-3.0.9/lib/action_dispatch/middleware/templates/rescues/routing_error.erb within rescues/layout (3.6ms)


Started GET "/javascripts/jquery_ujs.js" for 127.0.0.1 at Thu Oct 27 16:57:21 -0700 2011

ActionController::RoutingError (No route matches "/javascripts/jquery_ujs.js"):
  

Rendered /usr/local/lib/ruby/gems/1.8/gems/actionpack-3.0.9/lib/action_dispatch/middleware/templates/rescues/routing_error.erb within rescues/layout (4.3ms)


Started GET "/contacts" for 127.0.0.1 at Thu Oct 27 16:58:20 -0700 2011
  Processing by ContactsController#index as HTML
  [1m[36mContact Load (387.5ms)[0m  [1mSELECT `contacts`.* FROM `contacts`[0m
Rendered contacts/index.html.erb within layouts/application (57.0ms)
Completed 200 OK in 589ms (Views: 78.4ms | ActiveRecord: 387.5ms)


Started GET "/javascripts/jquery.js" for 127.0.0.1 at Thu Oct 27 16:58:23 -0700 2011

ActionController::RoutingError (No route matches "/javascripts/jquery.js"):
  

Rendered /usr/local/lib/ruby/gems/1.8/gems/actionpack-3.0.9/lib/action_dispatch/middleware/templates/rescues/routing_error.erb within rescues/layout (124.3ms)


Started GET "/javascripts/jquery_ujs.js" for 127.0.0.1 at Thu Oct 27 16:58:24 -0700 2011

ActionController::RoutingError (No route matches "/javascripts/jquery_ujs.js"):
  

Rendered /usr/local/lib/ruby/gems/1.8/gems/actionpack-3.0.9/lib/action_dispatch/middleware/templates/rescues/routing_error.erb within rescues/layout (3.7ms)


Started GET "/contacts" for 127.0.0.1 at Thu Oct 27 16:58:46 -0700 2011
  Processing by ContactsController#index as HTML
  [1m[35mContact Load (0.5ms)[0m  SELECT `contacts`.* FROM `contacts`
Rendered contacts/index.html.erb within layouts/application (171.3ms)
Completed 200 OK in 267ms (Views: 190.7ms | ActiveRecord: 0.5ms)


Started GET "/javascripts/jquery_ujs.js" for 127.0.0.1 at Thu Oct 27 16:58:47 -0700 2011

ActionController::RoutingError (No route matches "/javascripts/jquery_ujs.js"):
  

Rendered /usr/local/lib/ruby/gems/1.8/gems/actionpack-3.0.9/lib/action_dispatch/middleware/templates/rescues/routing_error.erb within rescues/layout (3.4ms)


Started GET "/javascripts/jquery.js" for 127.0.0.1 at Thu Oct 27 16:58:48 -0700 2011

ActionController::RoutingError (No route matches "/javascripts/jquery.js"):
  

Rendered /usr/local/lib/ruby/gems/1.8/gems/actionpack-3.0.9/lib/action_dispatch/middleware/templates/rescues/routing_error.erb within rescues/layout (3.2ms)


Started GET "/javascripts/jquery_ujs.js" for 127.0.0.1 at Thu Oct 27 16:58:48 -0700 2011

ActionController::RoutingError (No route matches "/javascripts/jquery_ujs.js"):
  

Rendered /usr/local/lib/ruby/gems/1.8/gems/actionpack-3.0.9/lib/action_dispatch/middleware/templates/rescues/routing_error.erb within rescues/layout (3.5ms)


Started GET "/contacts" for 127.0.0.1 at Thu Oct 27 16:59:12 -0700 2011
  Processing by ContactsController#index as HTML
  [1m[36mContact Load (104.1ms)[0m  [1mSELECT `contacts`.* FROM `contacts`[0m
Rendered contacts/index.html.erb within layouts/application (21.3ms)
Completed 200 OK in 221ms (Views: 71.0ms | ActiveRecord: 104.1ms)


Started GET "/javascripts/jquery_ujs.js" for 127.0.0.1 at Thu Oct 27 16:59:13 -0700 2011

ActionController::RoutingError (No route matches "/javascripts/jquery_ujs.js"):
  

Rendered /usr/local/lib/ruby/gems/1.8/gems/actionpack-3.0.9/lib/action_dispatch/middleware/templates/rescues/routing_error.erb within rescues/layout (3.3ms)


Started GET "/javascripts/jquery.js" for 127.0.0.1 at Thu Oct 27 16:59:13 -0700 2011

ActionController::RoutingError (No route matches "/javascripts/jquery.js"):
  

Rendered /usr/local/lib/ruby/gems/1.8/gems/actionpack-3.0.9/lib/action_dispatch/middleware/templates/rescues/routing_error.erb within rescues/layout (3.1ms)


Started GET "/javascripts/jquery_ujs.js" for 127.0.0.1 at Thu Oct 27 16:59:14 -0700 2011

ActionController::RoutingError (No route matches "/javascripts/jquery_ujs.js"):
  

Rendered /usr/local/lib/ruby/gems/1.8/gems/actionpack-3.0.9/lib/action_dispatch/middleware/templates/rescues/routing_error.erb within rescues/layout (3.1ms)


Started GET "/" for 127.0.0.1 at Thu Oct 27 17:00:39 -0700 2011

ActionController::RoutingError (No route matches "/"):
  

Rendered /usr/local/lib/ruby/gems/1.8/gems/actionpack-3.0.9/lib/action_dispatch/middleware/templates/rescues/routing_error.erb within rescues/layout (3.7ms)


Started GET "/contacts" for 127.0.0.1 at Thu Oct 27 17:00:46 -0700 2011
  Processing by ContactsController#index as HTML
  [1m[35mContact Load (0.5ms)[0m  SELECT `contacts`.* FROM `contacts`
Rendered contacts/index.html.erb within layouts/application (46.0ms)
Completed 200 OK in 129ms (Views: 77.0ms | ActiveRecord: 0.5ms)


Started GET "/javascripts/jquery.js" for 127.0.0.1 at Thu Oct 27 17:00:47 -0700 2011

ActionController::RoutingError (No route matches "/javascripts/jquery.js"):
  

Rendered /usr/local/lib/ruby/gems/1.8/gems/actionpack-3.0.9/lib/action_dispatch/middleware/templates/rescues/routing_error.erb within rescues/layout (5.1ms)


Started GET "/javascripts/jquery_ujs.js" for 127.0.0.1 at Thu Oct 27 17:00:47 -0700 2011

ActionController::RoutingError (No route matches "/javascripts/jquery_ujs.js"):
  

Rendered /usr/local/lib/ruby/gems/1.8/gems/actionpack-3.0.9/lib/action_dispatch/middleware/templates/rescues/routing_error.erb within rescues/layout (20.0ms)


Started GET "/contacts" for 127.0.0.1 at Thu Oct 27 17:01:00 -0700 2011
  Processing by ContactsController#index as HTML
  [1m[36mContact Load (0.7ms)[0m  [1mSELECT `contacts`.* FROM `contacts`[0m
Rendered contacts/index.html.erb within layouts/application (155.5ms)
Completed 200 OK in 227ms (Views: 192.4ms | ActiveRecord: 0.7ms)


Started GET "/javascripts/jquery_ujs.js" for 127.0.0.1 at Thu Oct 27 17:01:01 -0700 2011

ActionController::RoutingError (No route matches "/javascripts/jquery_ujs.js"):
  

Rendered /usr/local/lib/ruby/gems/1.8/gems/actionpack-3.0.9/lib/action_dispatch/middleware/templates/rescues/routing_error.erb within rescues/layout (16.3ms)


Started GET "/javascripts/jquery.js" for 127.0.0.1 at Thu Oct 27 17:01:01 -0700 2011

ActionController::RoutingError (No route matches "/javascripts/jquery.js"):
  

Rendered /usr/local/lib/ruby/gems/1.8/gems/actionpack-3.0.9/lib/action_dispatch/middleware/templates/rescues/routing_error.erb within rescues/layout (3.9ms)


Started GET "/javascripts/jquery_ujs.js" for 127.0.0.1 at Thu Oct 27 17:01:02 -0700 2011

ActionController::RoutingError (No route matches "/javascripts/jquery_ujs.js"):
  

Rendered /usr/local/lib/ruby/gems/1.8/gems/actionpack-3.0.9/lib/action_dispatch/middleware/templates/rescues/routing_error.erb within rescues/layout (37.1ms)


Started GET "/contacts/new" for 127.0.0.1 at Thu Oct 27 17:01:06 -0700 2011
  Processing by ContactsController#new as HTML
Rendered contacts/_form.html.erb (286.5ms)
Rendered contacts/new.html.erb within layouts/application (417.5ms)
Completed 200 OK in 603ms (Views: 445.2ms | ActiveRecord: 0.0ms)


Started GET "/javascripts/jquery.js" for 127.0.0.1 at Thu Oct 27 17:01:08 -0700 2011

ActionController::RoutingError (No route matches "/javascripts/jquery.js"):
  

Rendered /usr/local/lib/ruby/gems/1.8/gems/actionpack-3.0.9/lib/action_dispatch/middleware/templates/rescues/routing_error.erb within rescues/layout (3.2ms)


Started GET "/javascripts/jquery_ujs.js" for 127.0.0.1 at Thu Oct 27 17:01:08 -0700 2011

ActionController::RoutingError (No route matches "/javascripts/jquery_ujs.js"):
  

Rendered /usr/local/lib/ruby/gems/1.8/gems/actionpack-3.0.9/lib/action_dispatch/middleware/templates/rescues/routing_error.erb within rescues/layout (3.3ms)
DEPRECATION WARNING: config.action_view.debug_rjs will be removed in 3.1, from 3.1 onwards you will need to install prototype-rails to continue to use RJS templates . (called from service at /usr/local/lib/ruby/1.8/webrick/httpserver.rb:104)


Started GET "/contacts" for 127.0.0.1 at Fri Nov 11 17:34:07 -0800 2011
  Processing by ContactsController#index as HTML
  [1m[36mContact Load (46.4ms)[0m  [1mSELECT `contacts`.* FROM `contacts`[0m
Rendered contacts/index.html.erb within layouts/application (15.4ms)
Completed 200 OK in 320ms (Views: 65.7ms | ActiveRecord: 46.4ms)


Started GET "/javascripts/jquery.js" for 127.0.0.1 at Fri Nov 11 17:34:11 -0800 2011

ActionController::RoutingError (No route matches "/javascripts/jquery.js"):
  

Rendered /usr/local/lib/ruby/gems/1.8/gems/actionpack-3.0.9/lib/action_dispatch/middleware/templates/rescues/routing_error.erb within rescues/layout (3.3ms)


Started GET "/javascripts/jquery_ujs.js" for 127.0.0.1 at Fri Nov 11 17:34:11 -0800 2011

ActionController::RoutingError (No route matches "/javascripts/jquery_ujs.js"):
  

Rendered /usr/local/lib/ruby/gems/1.8/gems/actionpack-3.0.9/lib/action_dispatch/middleware/templates/rescues/routing_error.erb within rescues/layout (4.2ms)


Started GET "/contacts" for 127.0.0.1 at Fri Nov 11 17:34:35 -0800 2011
  Processing by ContactsController#index as HTML
  [1m[35mContact Load (0.5ms)[0m  SELECT `contacts`.* FROM `contacts`
Rendered contacts/index.html.erb within layouts/application (14.5ms)
Completed 200 OK in 80ms (Views: 47.3ms | ActiveRecord: 0.5ms)


Started GET "/javascripts/jquery.js" for 127.0.0.1 at Fri Nov 11 17:34:35 -0800 2011

ActionController::RoutingError (No route matches "/javascripts/jquery.js"):
  

Rendered /usr/local/lib/ruby/gems/1.8/gems/actionpack-3.0.9/lib/action_dispatch/middleware/templates/rescues/routing_error.erb within rescues/layout (2.9ms)


Started GET "/javascripts/jquery_ujs.js" for 127.0.0.1 at Fri Nov 11 17:34:36 -0800 2011

ActionController::RoutingError (No route matches "/javascripts/jquery_ujs.js"):
  

Rendered /usr/local/lib/ruby/gems/1.8/gems/actionpack-3.0.9/lib/action_dispatch/middleware/templates/rescues/routing_error.erb within rescues/layout (3.5ms)


Started GET "/javascripts/jquery_ujs.js" for 127.0.0.1 at Fri Nov 11 17:34:36 -0800 2011

ActionController::RoutingError (No route matches "/javascripts/jquery_ujs.js"):
  

Rendered /usr/local/lib/ruby/gems/1.8/gems/actionpack-3.0.9/lib/action_dispatch/middleware/templates/rescues/routing_error.erb within rescues/layout (3.6ms)


Started GET "/contacts" for 127.0.0.1 at Fri Nov 11 17:35:55 -0800 2011
  Processing by ContactsController#index as HTML
  [1m[36mContact Load (0.5ms)[0m  [1mSELECT `contacts`.* FROM `contacts`[0m
Rendered contacts/index.html.erb within layouts/application (55.9ms)
Completed 200 OK in 102ms (Views: 76.2ms | ActiveRecord: 0.5ms)


Started GET "/javascripts/jquery.js" for 127.0.0.1 at Fri Nov 11 17:35:55 -0800 2011

ActionController::RoutingError (No route matches "/javascripts/jquery.js"):
  

Rendered /usr/local/lib/ruby/gems/1.8/gems/actionpack-3.0.9/lib/action_dispatch/middleware/templates/rescues/routing_error.erb within rescues/layout (14.0ms)


Started GET "/javascripts/jquery_ujs.js" for 127.0.0.1 at Fri Nov 11 17:35:55 -0800 2011

ActionController::RoutingError (No route matches "/javascripts/jquery_ujs.js"):
  

Rendered /usr/local/lib/ruby/gems/1.8/gems/actionpack-3.0.9/lib/action_dispatch/middleware/templates/rescues/routing_error.erb within rescues/layout (3.1ms)


Started GET "/javascripts/jquery_ujs.js" for 127.0.0.1 at Fri Nov 11 17:35:55 -0800 2011

ActionController::RoutingError (No route matches "/javascripts/jquery_ujs.js"):
  

Rendered /usr/local/lib/ruby/gems/1.8/gems/actionpack-3.0.9/lib/action_dispatch/middleware/templates/rescues/routing_error.erb within rescues/layout (3.0ms)


Started GET "/contacts" for 127.0.0.1 at Fri Nov 11 17:36:22 -0800 2011
  Processing by ContactsController#index as HTML
  [1m[35mContact Load (77.6ms)[0m  SELECT `contacts`.* FROM `contacts`
Rendered contacts/index.html.erb within layouts/application (14.5ms)
Completed 200 OK in 314ms (Views: 33.5ms | ActiveRecord: 77.6ms)


Started GET "/javascripts/jquery_ujs.js" for 127.0.0.1 at Fri Nov 11 17:36:23 -0800 2011

ActionController::RoutingError (No route matches "/javascripts/jquery_ujs.js"):
  

Rendered /usr/local/lib/ruby/gems/1.8/gems/actionpack-3.0.9/lib/action_dispatch/middleware/templates/rescues/routing_error.erb within rescues/layout (2.9ms)


Started GET "/javascripts/jquery.js" for 127.0.0.1 at Fri Nov 11 17:36:23 -0800 2011

ActionController::RoutingError (No route matches "/javascripts/jquery.js"):
  

Rendered /usr/local/lib/ruby/gems/1.8/gems/actionpack-3.0.9/lib/action_dispatch/middleware/templates/rescues/routing_error.erb within rescues/layout (3.1ms)


Started GET "/javascripts/jquery_ujs.js" for 127.0.0.1 at Fri Nov 11 17:36:23 -0800 2011

ActionController::RoutingError (No route matches "/javascripts/jquery_ujs.js"):
  

Rendered /usr/local/lib/ruby/gems/1.8/gems/actionpack-3.0.9/lib/action_dispatch/middleware/templates/rescues/routing_error.erb within rescues/layout (3.0ms)


Started GET "/contacts" for 127.0.0.1 at Fri Nov 11 17:36:59 -0800 2011
  Processing by ContactsController#index as HTML
  [1m[36mContact Load (0.6ms)[0m  [1mSELECT `contacts`.* FROM `contacts`[0m
Rendered contacts/index.html.erb within layouts/application (14.2ms)
Completed 200 OK in 61ms (Views: 33.7ms | ActiveRecord: 0.6ms)


Started GET "/javascripts/jquery.js" for 127.0.0.1 at Fri Nov 11 17:37:00 -0800 2011

ActionController::RoutingError (No route matches "/javascripts/jquery.js"):
  

Rendered /usr/local/lib/ruby/gems/1.8/gems/actionpack-3.0.9/lib/action_dispatch/middleware/templates/rescues/routing_error.erb within rescues/layout (3.4ms)


Started GET "/javascripts/jquery_ujs.js" for 127.0.0.1 at Fri Nov 11 17:37:00 -0800 2011

ActionController::RoutingError (No route matches "/javascripts/jquery_ujs.js"):
  

Rendered /usr/local/lib/ruby/gems/1.8/gems/actionpack-3.0.9/lib/action_dispatch/middleware/templates/rescues/routing_error.erb within rescues/layout (3.0ms)


Started GET "/contacts" for 127.0.0.1 at Fri Nov 11 17:37:21 -0800 2011
  Processing by ContactsController#index as HTML
  [1m[35mContact Load (0.5ms)[0m  SELECT `contacts`.* FROM `contacts`
Rendered contacts/index.html.erb within layouts/application (14.1ms)
Completed 200 OK in 69ms (Views: 43.6ms | ActiveRecord: 0.5ms)


Started GET "/javascripts/jquery.js" for 127.0.0.1 at Fri Nov 11 17:37:22 -0800 2011

ActionController::RoutingError (No route matches "/javascripts/jquery.js"):
  

Rendered /usr/local/lib/ruby/gems/1.8/gems/actionpack-3.0.9/lib/action_dispatch/middleware/templates/rescues/routing_error.erb within rescues/layout (3.3ms)


Started GET "/javascripts/jquery_ujs.js" for 127.0.0.1 at Fri Nov 11 17:37:22 -0800 2011

ActionController::RoutingError (No route matches "/javascripts/jquery_ujs.js"):
  

Rendered /usr/local/lib/ruby/gems/1.8/gems/actionpack-3.0.9/lib/action_dispatch/middleware/templates/rescues/routing_error.erb within rescues/layout (55.0ms)


Started GET "/contacts" for 127.0.0.1 at Fri Nov 11 17:37:28 -0800 2011
  Processing by ContactsController#index as HTML
  [1m[36mContact Load (0.8ms)[0m  [1mSELECT `contacts`.* FROM `contacts`[0m
Rendered contacts/index.html.erb within layouts/application (14.6ms)
Completed 200 OK in 70ms (Views: 37.5ms | ActiveRecord: 0.8ms)


Started GET "/javascripts/jquery.js" for 127.0.0.1 at Fri Nov 11 17:37:29 -0800 2011

ActionController::RoutingError (No route matches "/javascripts/jquery.js"):
  

Rendered /usr/local/lib/ruby/gems/1.8/gems/actionpack-3.0.9/lib/action_dispatch/middleware/templates/rescues/routing_error.erb within rescues/layout (3.2ms)


Started GET "/javascripts/jquery_ujs.js" for 127.0.0.1 at Fri Nov 11 17:37:29 -0800 2011

ActionController::RoutingError (No route matches "/javascripts/jquery_ujs.js"):
  

Rendered /usr/local/lib/ruby/gems/1.8/gems/actionpack-3.0.9/lib/action_dispatch/middleware/templates/rescues/routing_error.erb within rescues/layout (2.8ms)


Started GET "/contacts/new" for 127.0.0.1 at Fri Nov 11 17:37:42 -0800 2011
  Processing by ContactsController#new as HTML
Rendered contacts/_form.html.erb (164.8ms)
Rendered contacts/new.html.erb within layouts/application (186.8ms)
Completed 200 OK in 264ms (Views: 230.3ms | ActiveRecord: 0.0ms)


Started GET "/javascripts/jquery.js" for 127.0.0.1 at Fri Nov 11 17:37:43 -0800 2011

ActionController::RoutingError (No route matches "/javascripts/jquery.js"):
  

Rendered /usr/local/lib/ruby/gems/1.8/gems/actionpack-3.0.9/lib/action_dispatch/middleware/templates/rescues/routing_error.erb within rescues/layout (3.1ms)


Started GET "/javascripts/jquery_ujs.js" for 127.0.0.1 at Fri Nov 11 17:37:43 -0800 2011

ActionController::RoutingError (No route matches "/javascripts/jquery_ujs.js"):
  

Rendered /usr/local/lib/ruby/gems/1.8/gems/actionpack-3.0.9/lib/action_dispatch/middleware/templates/rescues/routing_error.erb within rescues/layout (2.8ms)


Started GET "/javascripts/jquery_ujs.js" for 127.0.0.1 at Fri Nov 11 17:37:43 -0800 2011

ActionController::RoutingError (No route matches "/javascripts/jquery_ujs.js"):
  

Rendered /usr/local/lib/ruby/gems/1.8/gems/actionpack-3.0.9/lib/action_dispatch/middleware/templates/rescues/routing_error.erb within rescues/layout (3.2ms)


Started GET "/contacts/new" for 127.0.0.1 at Fri Nov 11 17:37:59 -0800 2011
  Processing by ContactsController#new as HTML
Rendered contacts/_form.html.erb (81.0ms)
Rendered contacts/new.html.erb within layouts/application (102.8ms)
Completed 200 OK in 155ms (Views: 125.8ms | ActiveRecord: 0.0ms)


Started GET "/javascripts/jquery_ujs.js" for 127.0.0.1 at Fri Nov 11 17:38:00 -0800 2011

ActionController::RoutingError (No route matches "/javascripts/jquery_ujs.js"):
  

Rendered /usr/local/lib/ruby/gems/1.8/gems/actionpack-3.0.9/lib/action_dispatch/middleware/templates/rescues/routing_error.erb within rescues/layout (3.4ms)


Started GET "/javascripts/jquery.js" for 127.0.0.1 at Fri Nov 11 17:38:00 -0800 2011

ActionController::RoutingError (No route matches "/javascripts/jquery.js"):
  

Rendered /usr/local/lib/ruby/gems/1.8/gems/actionpack-3.0.9/lib/action_dispatch/middleware/templates/rescues/routing_error.erb within rescues/layout (3.4ms)


Started GET "/javascripts/jquery_ujs.js" for 127.0.0.1 at Fri Nov 11 17:38:00 -0800 2011

ActionController::RoutingError (No route matches "/javascripts/jquery_ujs.js"):
  

Rendered /usr/local/lib/ruby/gems/1.8/gems/actionpack-3.0.9/lib/action_dispatch/middleware/templates/rescues/routing_error.erb within rescues/layout (3.1ms)


Started GET "/contacts/new" for 127.0.0.1 at Fri Nov 11 17:38:19 -0800 2011
  Processing by ContactsController#new as HTML
Rendered contacts/_form.html.erb (96.6ms)
Rendered contacts/new.html.erb within layouts/application (135.9ms)
Completed 200 OK in 193ms (Views: 161.9ms | ActiveRecord: 0.0ms)


Started GET "/javascripts/jquery_ujs.js" for 127.0.0.1 at Fri Nov 11 17:38:20 -0800 2011

ActionController::RoutingError (No route matches "/javascripts/jquery_ujs.js"):
  

Rendered /usr/local/lib/ruby/gems/1.8/gems/actionpack-3.0.9/lib/action_dispatch/middleware/templates/rescues/routing_error.erb within rescues/layout (4.0ms)


Started GET "/javascripts/jquery.js" for 127.0.0.1 at Fri Nov 11 17:38:20 -0800 2011

ActionController::RoutingError (No route matches "/javascripts/jquery.js"):
  

Rendered /usr/local/lib/ruby/gems/1.8/gems/actionpack-3.0.9/lib/action_dispatch/middleware/templates/rescues/routing_error.erb within rescues/layout (3.2ms)


Started GET "/javascripts/jquery_ujs.js" for 127.0.0.1 at Fri Nov 11 17:38:21 -0800 2011

ActionController::RoutingError (No route matches "/javascripts/jquery_ujs.js"):
  

Rendered /usr/local/lib/ruby/gems/1.8/gems/actionpack-3.0.9/lib/action_dispatch/middleware/templates/rescues/routing_error.erb within rescues/layout (3.1ms)


Started GET "/contacts/new" for 127.0.0.1 at Fri Nov 11 17:39:33 -0800 2011
  Processing by ContactsController#new as HTML
Rendered contacts/_form.html.erb (52.0ms)
Rendered contacts/new.html.erb within layouts/application (68.0ms)
Completed 200 OK in 149ms (Views: 86.5ms | ActiveRecord: 0.0ms)


Started GET "/javascripts/jquery.js" for 127.0.0.1 at Fri Nov 11 17:39:34 -0800 2011

ActionController::RoutingError (No route matches "/javascripts/jquery.js"):
  

Rendered /usr/local/lib/ruby/gems/1.8/gems/actionpack-3.0.9/lib/action_dispatch/middleware/templates/rescues/routing_error.erb within rescues/layout (9.7ms)


Started GET "/javascripts/jquery_ujs.js" for 127.0.0.1 at Fri Nov 11 17:39:34 -0800 2011

ActionController::RoutingError (No route matches "/javascripts/jquery_ujs.js"):
  

Rendered /usr/local/lib/ruby/gems/1.8/gems/actionpack-3.0.9/lib/action_dispatch/middleware/templates/rescues/routing_error.erb within rescues/layout (2.8ms)


Started GET "/contacts/new" for 127.0.0.1 at Fri Nov 11 17:40:24 -0800 2011
  Processing by ContactsController#new as HTML
Rendered contacts/_form.html.erb (73.0ms)
Rendered contacts/new.html.erb within layouts/application (88.8ms)
Completed 200 OK in 140ms (Views: 111.1ms | ActiveRecord: 0.0ms)


Started GET "/javascripts/jquery_ujs.js" for 127.0.0.1 at Fri Nov 11 17:40:25 -0800 2011

ActionController::RoutingError (No route matches "/javascripts/jquery_ujs.js"):
  

Rendered /usr/local/lib/ruby/gems/1.8/gems/actionpack-3.0.9/lib/action_dispatch/middleware/templates/rescues/routing_error.erb within rescues/layout (3.1ms)


Started GET "/javascripts/jquery.js" for 127.0.0.1 at Fri Nov 11 17:40:25 -0800 2011

ActionController::RoutingError (No route matches "/javascripts/jquery.js"):
  

Rendered /usr/local/lib/ruby/gems/1.8/gems/actionpack-3.0.9/lib/action_dispatch/middleware/templates/rescues/routing_error.erb within rescues/layout (2.8ms)


Started GET "/javascripts/jquery_ujs.js" for 127.0.0.1 at Fri Nov 11 17:40:25 -0800 2011

ActionController::RoutingError (No route matches "/javascripts/jquery_ujs.js"):
  

Rendered /usr/local/lib/ruby/gems/1.8/gems/actionpack-3.0.9/lib/action_dispatch/middleware/templates/rescues/routing_error.erb within rescues/layout (3.6ms)


Started GET "/contacts/new" for 127.0.0.1 at Fri Nov 11 17:42:03 -0800 2011
  Processing by ContactsController#new as HTML
Rendered contacts/_form.html.erb (116.2ms)
Rendered contacts/new.html.erb within layouts/application (241.5ms)
Completed 200 OK in 353ms (Views: 271.8ms | ActiveRecord: 0.0ms)


Started GET "/javascripts/jquery.js" for 127.0.0.1 at Fri Nov 11 17:42:04 -0800 2011

ActionController::RoutingError (No route matches "/javascripts/jquery.js"):
  

Rendered /usr/local/lib/ruby/gems/1.8/gems/actionpack-3.0.9/lib/action_dispatch/middleware/templates/rescues/routing_error.erb within rescues/layout (3.7ms)


Started GET "/javascripts/jquery_ujs.js" for 127.0.0.1 at Fri Nov 11 17:42:04 -0800 2011

ActionController::RoutingError (No route matches "/javascripts/jquery_ujs.js"):
  

Rendered /usr/local/lib/ruby/gems/1.8/gems/actionpack-3.0.9/lib/action_dispatch/middleware/templates/rescues/routing_error.erb within rescues/layout (3.0ms)


Started GET "/contacts/new" for 127.0.0.1 at Fri Nov 11 17:42:30 -0800 2011
  Processing by ContactsController#new as HTML
Rendered contacts/_form.html.erb (58.7ms)
Rendered contacts/new.html.erb within layouts/application (226.8ms)
Completed 200 OK in 280ms (Views: 250.5ms | ActiveRecord: 0.0ms)


Started GET "/javascripts/jquery.js" for 127.0.0.1 at Fri Nov 11 17:42:31 -0800 2011

ActionController::RoutingError (No route matches "/javascripts/jquery.js"):
  

Rendered /usr/local/lib/ruby/gems/1.8/gems/actionpack-3.0.9/lib/action_dispatch/middleware/templates/rescues/routing_error.erb within rescues/layout (3.3ms)


Started GET "/javascripts/jquery_ujs.js" for 127.0.0.1 at Fri Nov 11 17:42:31 -0800 2011

ActionController::RoutingError (No route matches "/javascripts/jquery_ujs.js"):
  

Rendered /usr/local/lib/ruby/gems/1.8/gems/actionpack-3.0.9/lib/action_dispatch/middleware/templates/rescues/routing_error.erb within rescues/layout (10.2ms)


Started GET "/contacts/new" for 127.0.0.1 at Fri Nov 11 17:42:55 -0800 2011
  Processing by ContactsController#new as HTML
Rendered contacts/_form.html.erb (50.6ms)
Rendered contacts/new.html.erb within layouts/application (68.0ms)
Completed 200 OK in 125ms (Views: 92.5ms | ActiveRecord: 0.0ms)


Started GET "/contacts/new" for 127.0.0.1 at Fri Nov 11 17:42:59 -0800 2011
  Processing by ContactsController#new as HTML
Rendered contacts/_form.html.erb (63.8ms)
Rendered contacts/new.html.erb within layouts/application (82.0ms)
Completed 200 OK in 155ms (Views: 102.1ms | ActiveRecord: 0.0ms)


Started GET "/javascripts/jquery.js" for 127.0.0.1 at Fri Nov 11 17:43:00 -0800 2011

ActionController::RoutingError (No route matches "/javascripts/jquery.js"):
  

Rendered /usr/local/lib/ruby/gems/1.8/gems/actionpack-3.0.9/lib/action_dispatch/middleware/templates/rescues/routing_error.erb within rescues/layout (24.7ms)


Started GET "/javascripts/jquery_ujs.js" for 127.0.0.1 at Fri Nov 11 17:43:00 -0800 2011

ActionController::RoutingError (No route matches "/javascripts/jquery_ujs.js"):
  

Rendered /usr/local/lib/ruby/gems/1.8/gems/actionpack-3.0.9/lib/action_dispatch/middleware/templates/rescues/routing_error.erb within rescues/layout (3.4ms)


Started GET "/javascripts/jquery_ujs.js" for 127.0.0.1 at Fri Nov 11 17:43:00 -0800 2011

ActionController::RoutingError (No route matches "/javascripts/jquery_ujs.js"):
  

Rendered /usr/local/lib/ruby/gems/1.8/gems/actionpack-3.0.9/lib/action_dispatch/middleware/templates/rescues/routing_error.erb within rescues/layout (3.6ms)


Started GET "/contacts/new" for 127.0.0.1 at Fri Nov 11 17:43:11 -0800 2011
  Processing by ContactsController#new as HTML
Rendered contacts/_form.html.erb (63.0ms)
Rendered contacts/new.html.erb within layouts/application (81.1ms)
Completed 200 OK in 147ms (Views: 116.6ms | ActiveRecord: 0.0ms)


Started GET "/javascripts/jquery.js" for 127.0.0.1 at Fri Nov 11 17:43:11 -0800 2011

ActionController::RoutingError (No route matches "/javascripts/jquery.js"):
  

Rendered /usr/local/lib/ruby/gems/1.8/gems/actionpack-3.0.9/lib/action_dispatch/middleware/templates/rescues/routing_error.erb within rescues/layout (10.3ms)


Started GET "/javascripts/jquery_ujs.js" for 127.0.0.1 at Fri Nov 11 17:43:11 -0800 2011

ActionController::RoutingError (No route matches "/javascripts/jquery_ujs.js"):
  

Rendered /usr/local/lib/ruby/gems/1.8/gems/actionpack-3.0.9/lib/action_dispatch/middleware/templates/rescues/routing_error.erb within rescues/layout (4.6ms)


Started GET "/javascripts/jquery_ujs.js" for 127.0.0.1 at Fri Nov 11 17:43:12 -0800 2011

ActionController::RoutingError (No route matches "/javascripts/jquery_ujs.js"):
  

Rendered /usr/local/lib/ruby/gems/1.8/gems/actionpack-3.0.9/lib/action_dispatch/middleware/templates/rescues/routing_error.erb within rescues/layout (4.0ms)


Started GET "/contacts/new" for 127.0.0.1 at Fri Nov 11 17:43:23 -0800 2011
  Processing by ContactsController#new as HTML
Rendered contacts/_form.html.erb (60.6ms)
Rendered contacts/new.html.erb within layouts/application (88.2ms)
Completed 200 OK in 148ms (Views: 115.6ms | ActiveRecord: 0.0ms)


Started GET "/javascripts/jquery.js" for 127.0.0.1 at Fri Nov 11 17:43:24 -0800 2011

ActionController::RoutingError (No route matches "/javascripts/jquery.js"):
  

Rendered /usr/local/lib/ruby/gems/1.8/gems/actionpack-3.0.9/lib/action_dispatch/middleware/templates/rescues/routing_error.erb within rescues/layout (3.3ms)


Started GET "/javascripts/jquery_ujs.js" for 127.0.0.1 at Fri Nov 11 17:43:24 -0800 2011

ActionController::RoutingError (No route matches "/javascripts/jquery_ujs.js"):
  

Rendered /usr/local/lib/ruby/gems/1.8/gems/actionpack-3.0.9/lib/action_dispatch/middleware/templates/rescues/routing_error.erb within rescues/layout (3.8ms)


Started GET "/contacts/new" for 127.0.0.1 at Fri Nov 11 17:43:38 -0800 2011
  Processing by ContactsController#new as HTML
Rendered contacts/_form.html.erb (56.4ms)
Rendered contacts/new.html.erb within layouts/application (74.3ms)
Completed 200 OK in 134ms (Views: 97.8ms | ActiveRecord: 0.0ms)


Started GET "/javascripts/jquery.js" for 127.0.0.1 at Fri Nov 11 17:43:39 -0800 2011

ActionController::RoutingError (No route matches "/javascripts/jquery.js"):
  

Rendered /usr/local/lib/ruby/gems/1.8/gems/actionpack-3.0.9/lib/action_dispatch/middleware/templates/rescues/routing_error.erb within rescues/layout (3.3ms)


Started GET "/javascripts/jquery_ujs.js" for 127.0.0.1 at Fri Nov 11 17:43:39 -0800 2011

ActionController::RoutingError (No route matches "/javascripts/jquery_ujs.js"):
  

Rendered /usr/local/lib/ruby/gems/1.8/gems/actionpack-3.0.9/lib/action_dispatch/middleware/templates/rescues/routing_error.erb within rescues/layout (10.5ms)


Started GET "/" for 192.168.100.34 at Fri Nov 11 17:47:26 -0800 2011

ActionController::RoutingError (No route matches "/"):
  

Rendered /usr/local/lib/ruby/gems/1.8/gems/actionpack-3.0.9/lib/action_dispatch/middleware/templates/rescues/routing_error.erb within rescues/layout (3.2ms)


Started GET "/contacts" for 192.168.100.34 at Fri Nov 11 17:47:35 -0800 2011
  Processing by ContactsController#index as HTML
  [1m[35mContact Load (0.9ms)[0m  SELECT `contacts`.* FROM `contacts`
Rendered contacts/index.html.erb within layouts/application (15.1ms)
Completed 200 OK in 65ms (Views: 37.3ms | ActiveRecord: 0.9ms)


Started GET "/javascripts/jquery.js" for 192.168.100.34 at Fri Nov 11 17:47:35 -0800 2011

ActionController::RoutingError (No route matches "/javascripts/jquery.js"):
  

Rendered /usr/local/lib/ruby/gems/1.8/gems/actionpack-3.0.9/lib/action_dispatch/middleware/templates/rescues/routing_error.erb within rescues/layout (3.7ms)


Started GET "/javascripts/jquery_ujs.js" for 192.168.100.34 at Fri Nov 11 17:47:35 -0800 2011

ActionController::RoutingError (No route matches "/javascripts/jquery_ujs.js"):
  

Rendered /usr/local/lib/ruby/gems/1.8/gems/actionpack-3.0.9/lib/action_dispatch/middleware/templates/rescues/routing_error.erb within rescues/layout (7.1ms)


Started GET "/contacts/new" for 192.168.100.34 at Fri Nov 11 17:47:55 -0800 2011
  Processing by ContactsController#new as HTML
Rendered contacts/_form.html.erb (52.8ms)
Rendered contacts/new.html.erb within layouts/application (74.5ms)
Completed 200 OK in 266ms (Views: 236.8ms | ActiveRecord: 0.0ms)


Started GET "/javascripts/jquery.js" for 192.168.100.34 at Fri Nov 11 17:47:56 -0800 2011

ActionController::RoutingError (No route matches "/javascripts/jquery.js"):
  

Rendered /usr/local/lib/ruby/gems/1.8/gems/actionpack-3.0.9/lib/action_dispatch/middleware/templates/rescues/routing_error.erb within rescues/layout (3.5ms)


Started GET "/javascripts/jquery_ujs.js" for 192.168.100.34 at Fri Nov 11 17:47:56 -0800 2011

ActionController::RoutingError (No route matches "/javascripts/jquery_ujs.js"):
  

Rendered /usr/local/lib/ruby/gems/1.8/gems/actionpack-3.0.9/lib/action_dispatch/middleware/templates/rescues/routing_error.erb within rescues/layout (3.4ms)


Started GET "/contacs" for 192.168.100.79 at Fri Nov 11 17:49:13 -0800 2011

ActionController::RoutingError (No route matches "/contacs"):
  

Rendered /usr/local/lib/ruby/gems/1.8/gems/actionpack-3.0.9/lib/action_dispatch/middleware/templates/rescues/routing_error.erb within rescues/layout (3.5ms)


Started GET "/contacts" for 192.168.100.79 at Fri Nov 11 17:49:19 -0800 2011
  Processing by ContactsController#index as HTML
  [1m[36mContact Load (0.5ms)[0m  [1mSELECT `contacts`.* FROM `contacts`[0m
Rendered contacts/index.html.erb within layouts/application (15.7ms)
Completed 200 OK in 64ms (Views: 37.8ms | ActiveRecord: 0.5ms)


Started GET "/javascripts/jquery.js" for 192.168.100.79 at Fri Nov 11 17:49:19 -0800 2011

ActionController::RoutingError (No route matches "/javascripts/jquery.js"):
  

Rendered /usr/local/lib/ruby/gems/1.8/gems/actionpack-3.0.9/lib/action_dispatch/middleware/templates/rescues/routing_error.erb within rescues/layout (3.6ms)


Started GET "/javascripts/jquery_ujs.js" for 192.168.100.79 at Fri Nov 11 17:49:19 -0800 2011

ActionController::RoutingError (No route matches "/javascripts/jquery_ujs.js"):
  

Rendered /usr/local/lib/ruby/gems/1.8/gems/actionpack-3.0.9/lib/action_dispatch/middleware/templates/rescues/routing_error.erb within rescues/layout (4.3ms)


Started GET "/contacts/new" for 192.168.100.79 at Fri Nov 11 17:49:35 -0800 2011
  Processing by ContactsController#new as HTML
Rendered contacts/_form.html.erb (50.8ms)
Rendered contacts/new.html.erb within layouts/application (68.4ms)
Completed 200 OK in 122ms (Views: 91.1ms | ActiveRecord: 0.0ms)


Started GET "/javascripts/jquery.js" for 192.168.100.79 at Fri Nov 11 17:49:36 -0800 2011

ActionController::RoutingError (No route matches "/javascripts/jquery.js"):
  

Rendered /usr/local/lib/ruby/gems/1.8/gems/actionpack-3.0.9/lib/action_dispatch/middleware/templates/rescues/routing_error.erb within rescues/layout (3.3ms)


Started GET "/javascripts/jquery_ujs.js" for 192.168.100.79 at Fri Nov 11 17:49:36 -0800 2011

ActionController::RoutingError (No route matches "/javascripts/jquery_ujs.js"):
  

Rendered /usr/local/lib/ruby/gems/1.8/gems/actionpack-3.0.9/lib/action_dispatch/middleware/templates/rescues/routing_error.erb within rescues/layout (4.0ms)
DEPRECATION WARNING: config.action_view.debug_rjs will be removed in 3.1, from 3.1 onwards you will need to install prototype-rails to continue to use RJS templates . (called from service at /usr/local/lib/ruby/1.8/webrick/httpserver.rb:104)


Started GET "/contacts" for 127.0.0.1 at Wed Nov 16 17:26:01 -0800 2011
  Processing by ContactsController#index as HTML
  [1m[36mContact Load (82.5ms)[0m  [1mSELECT `contacts`.* FROM `contacts`[0m
Rendered contacts/index.html.erb within layouts/application (13.7ms)
Completed 200 OK in 403ms (Views: 81.9ms | ActiveRecord: 82.5ms)


Started GET "/javascripts/jquery.js" for 127.0.0.1 at Wed Nov 16 17:26:04 -0800 2011

ActionController::RoutingError (No route matches "/javascripts/jquery.js"):
  

Rendered /usr/local/lib/ruby/gems/1.8/gems/actionpack-3.0.9/lib/action_dispatch/middleware/templates/rescues/routing_error.erb within rescues/layout (3.3ms)


Started GET "/javascripts/jquery_ujs.js" for 127.0.0.1 at Wed Nov 16 17:26:05 -0800 2011

ActionController::RoutingError (No route matches "/javascripts/jquery_ujs.js"):
  

Rendered /usr/local/lib/ruby/gems/1.8/gems/actionpack-3.0.9/lib/action_dispatch/middleware/templates/rescues/routing_error.erb within rescues/layout (3.0ms)


Started GET "/contacts/new" for 127.0.0.1 at Wed Nov 16 17:26:57 -0800 2011
  Processing by ContactsController#new as HTML
Rendered contacts/_form.html.erb (145.7ms)
Rendered contacts/new.html.erb within layouts/application (163.6ms)
Completed 200 OK in 219ms (Views: 190.7ms | ActiveRecord: 0.0ms)


Started GET "/javascripts/jquery.js" for 127.0.0.1 at Wed Nov 16 17:26:58 -0800 2011

ActionController::RoutingError (No route matches "/javascripts/jquery.js"):
  

Rendered /usr/local/lib/ruby/gems/1.8/gems/actionpack-3.0.9/lib/action_dispatch/middleware/templates/rescues/routing_error.erb within rescues/layout (2.9ms)


Started GET "/javascripts/jquery_ujs.js" for 127.0.0.1 at Wed Nov 16 17:26:58 -0800 2011

ActionController::RoutingError (No route matches "/javascripts/jquery_ujs.js"):
  

Rendered /usr/local/lib/ruby/gems/1.8/gems/actionpack-3.0.9/lib/action_dispatch/middleware/templates/rescues/routing_error.erb within rescues/layout (3.8ms)


Started GET "/contacts" for 127.0.0.1 at Wed Nov 16 17:28:39 -0800 2011
  Processing by ContactsController#index as HTML
  [1m[35mContact Load (0.5ms)[0m  SELECT `contacts`.* FROM `contacts`
Rendered contacts/index.html.erb within layouts/application (20.4ms)
Completed 200 OK in 72ms (Views: 39.9ms | ActiveRecord: 0.5ms)


Started GET "/javascripts/jquery.js" for 127.0.0.1 at Wed Nov 16 17:28:39 -0800 2011

ActionController::RoutingError (No route matches "/javascripts/jquery.js"):
  

Rendered /usr/local/lib/ruby/gems/1.8/gems/actionpack-3.0.9/lib/action_dispatch/middleware/templates/rescues/routing_error.erb within rescues/layout (3.1ms)


Started GET "/javascripts/jquery_ujs.js" for 127.0.0.1 at Wed Nov 16 17:28:39 -0800 2011

ActionController::RoutingError (No route matches "/javascripts/jquery_ujs.js"):
  

Rendered /usr/local/lib/ruby/gems/1.8/gems/actionpack-3.0.9/lib/action_dispatch/middleware/templates/rescues/routing_error.erb within rescues/layout (3.3ms)


Started GET "/contacts" for 127.0.0.1 at Wed Nov 16 17:29:00 -0800 2011
  Processing by ContactsController#index as HTML
  [1m[36mContact Load (0.6ms)[0m  [1mSELECT `contacts`.* FROM `contacts`[0m
Rendered contacts/index.html.erb within layouts/application (14.2ms)
Completed 200 OK in 67ms (Views: 41.4ms | ActiveRecord: 0.6ms)


Started GET "/javascripts/jquery_ujs.js" for 127.0.0.1 at Wed Nov 16 17:29:00 -0800 2011

ActionController::RoutingError (No route matches "/javascripts/jquery_ujs.js"):
  

Rendered /usr/local/lib/ruby/gems/1.8/gems/actionpack-3.0.9/lib/action_dispatch/middleware/templates/rescues/routing_error.erb within rescues/layout (3.2ms)


Started GET "/javascripts/jquery.js" for 127.0.0.1 at Wed Nov 16 17:29:00 -0800 2011

ActionController::RoutingError (No route matches "/javascripts/jquery.js"):
  

Rendered /usr/local/lib/ruby/gems/1.8/gems/actionpack-3.0.9/lib/action_dispatch/middleware/templates/rescues/routing_error.erb within rescues/layout (129.6ms)


Started GET "/javascripts/jquery_ujs.js" for 127.0.0.1 at Wed Nov 16 17:29:01 -0800 2011

ActionController::RoutingError (No route matches "/javascripts/jquery_ujs.js"):
  

Rendered /usr/local/lib/ruby/gems/1.8/gems/actionpack-3.0.9/lib/action_dispatch/middleware/templates/rescues/routing_error.erb within rescues/layout (3.3ms)


Started GET "/contacts" for 127.0.0.1 at Wed Nov 16 17:34:14 -0800 2011
  Processing by ContactsController#index as HTML
  [1m[35mContact Load (0.5ms)[0m  SELECT `contacts`.* FROM `contacts`
Rendered contacts/index.html.erb within layouts/application (20.9ms)
Completed 200 OK in 65ms (Views: 39.5ms | ActiveRecord: 0.5ms)


Started GET "/javascripts/jquery.js" for 127.0.0.1 at Wed Nov 16 17:34:14 -0800 2011

ActionController::RoutingError (No route matches "/javascripts/jquery.js"):
  

Rendered /usr/local/lib/ruby/gems/1.8/gems/actionpack-3.0.9/lib/action_dispatch/middleware/templates/rescues/routing_error.erb within rescues/layout (3.0ms)


Started GET "/javascripts/jquery_ujs.js" for 127.0.0.1 at Wed Nov 16 17:34:15 -0800 2011

ActionController::RoutingError (No route matches "/javascripts/jquery_ujs.js"):
  

Rendered /usr/local/lib/ruby/gems/1.8/gems/actionpack-3.0.9/lib/action_dispatch/middleware/templates/rescues/routing_error.erb within rescues/layout (2.9ms)


Started GET "/contacts" for 127.0.0.1 at Wed Nov 16 17:34:59 -0800 2011
  Processing by ContactsController#index as HTML
  [1m[36mContact Load (0.6ms)[0m  [1mSELECT `contacts`.* FROM `contacts`[0m
Rendered contacts/index.html.erb within layouts/application (13.9ms)
Completed 200 OK in 59ms (Views: 32.6ms | ActiveRecord: 0.6ms)


Started GET "/contacts" for 127.0.0.1 at Wed Nov 16 17:35:01 -0800 2011
  Processing by ContactsController#index as HTML
  [1m[35mContact Load (0.6ms)[0m  SELECT `contacts`.* FROM `contacts`
Rendered contacts/index.html.erb within layouts/application (20.8ms)
Completed 200 OK in 77ms (Views: 51.1ms | ActiveRecord: 0.6ms)


Started GET "/javascripts/jquery_ujs.js" for 127.0.0.1 at Wed Nov 16 17:35:02 -0800 2011

ActionController::RoutingError (No route matches "/javascripts/jquery_ujs.js"):
  

Rendered /usr/local/lib/ruby/gems/1.8/gems/actionpack-3.0.9/lib/action_dispatch/middleware/templates/rescues/routing_error.erb within rescues/layout (3.0ms)


Started GET "/javascripts/jquery.js" for 127.0.0.1 at Wed Nov 16 17:35:02 -0800 2011

ActionController::RoutingError (No route matches "/javascripts/jquery.js"):
  

Rendered /usr/local/lib/ruby/gems/1.8/gems/actionpack-3.0.9/lib/action_dispatch/middleware/templates/rescues/routing_error.erb within rescues/layout (3.8ms)


Started GET "/javascripts/jquery_ujs.js" for 127.0.0.1 at Wed Nov 16 17:35:02 -0800 2011

ActionController::RoutingError (No route matches "/javascripts/jquery_ujs.js"):
  

Rendered /usr/local/lib/ruby/gems/1.8/gems/actionpack-3.0.9/lib/action_dispatch/middleware/templates/rescues/routing_error.erb within rescues/layout (3.1ms)


Started GET "/contacts/new" for 127.0.0.1 at Wed Nov 16 17:35:12 -0800 2011
  Processing by ContactsController#new as HTML
Rendered contacts/_form.html.erb (43.9ms)
Rendered contacts/new.html.erb within layouts/application (72.6ms)
Completed 200 OK in 270ms (Views: 98.1ms | ActiveRecord: 0.0ms)


Started GET "/javascripts/jquery.js" for 127.0.0.1 at Wed Nov 16 17:35:13 -0800 2011

ActionController::RoutingError (No route matches "/javascripts/jquery.js"):
  

Rendered /usr/local/lib/ruby/gems/1.8/gems/actionpack-3.0.9/lib/action_dispatch/middleware/templates/rescues/routing_error.erb within rescues/layout (3.0ms)


Started GET "/javascripts/jquery_ujs.js" for 127.0.0.1 at Wed Nov 16 17:35:13 -0800 2011

ActionController::RoutingError (No route matches "/javascripts/jquery_ujs.js"):
  

Rendered /usr/local/lib/ruby/gems/1.8/gems/actionpack-3.0.9/lib/action_dispatch/middleware/templates/rescues/routing_error.erb within rescues/layout (3.2ms)


Started GET "/contacts/new" for 127.0.0.1 at Wed Nov 16 17:36:02 -0800 2011
  Processing by ContactsController#new as HTML
Rendered contacts/_form.html.erb (49.5ms)
Rendered contacts/new.html.erb within layouts/application (76.6ms)
Completed 200 OK in 132ms (Views: 98.3ms | ActiveRecord: 0.0ms)


Started GET "/javascripts/jquery.js" for 127.0.0.1 at Wed Nov 16 17:36:03 -0800 2011

ActionController::RoutingError (No route matches "/javascripts/jquery.js"):
  

Rendered /usr/local/lib/ruby/gems/1.8/gems/actionpack-3.0.9/lib/action_dispatch/middleware/templates/rescues/routing_error.erb within rescues/layout (3.3ms)


Started GET "/javascripts/jquery_ujs.js" for 127.0.0.1 at Wed Nov 16 17:36:03 -0800 2011

ActionController::RoutingError (No route matches "/javascripts/jquery_ujs.js"):
  

Rendered /usr/local/lib/ruby/gems/1.8/gems/actionpack-3.0.9/lib/action_dispatch/middleware/templates/rescues/routing_error.erb within rescues/layout (2.9ms)


Started GET "/contacts" for 127.0.0.1 at Wed Nov 16 17:36:06 -0800 2011
  Processing by ContactsController#index as HTML
  [1m[36mContact Load (53.7ms)[0m  [1mSELECT `contacts`.* FROM `contacts`[0m
Rendered contacts/index.html.erb within layouts/application (13.8ms)
Completed 200 OK in 145ms (Views: 34.7ms | ActiveRecord: 53.7ms)


Started GET "/javascripts/jquery.js" for 127.0.0.1 at Wed Nov 16 17:36:07 -0800 2011

ActionController::RoutingError (No route matches "/javascripts/jquery.js"):
  

Rendered /usr/local/lib/ruby/gems/1.8/gems/actionpack-3.0.9/lib/action_dispatch/middleware/templates/rescues/routing_error.erb within rescues/layout (3.1ms)


Started GET "/javascripts/jquery_ujs.js" for 127.0.0.1 at Wed Nov 16 17:36:07 -0800 2011

ActionController::RoutingError (No route matches "/javascripts/jquery_ujs.js"):
  

Rendered /usr/local/lib/ruby/gems/1.8/gems/actionpack-3.0.9/lib/action_dispatch/middleware/templates/rescues/routing_error.erb within rescues/layout (2.9ms)


Started GET "/contacts/new" for 127.0.0.1 at Wed Nov 16 17:36:08 -0800 2011
  Processing by ContactsController#new as HTML
Rendered contacts/_form.html.erb (55.1ms)
Rendered contacts/new.html.erb within layouts/application (82.7ms)
Completed 200 OK in 136ms (Views: 103.0ms | ActiveRecord: 0.0ms)


Started GET "/javascripts/jquery_ujs.js" for 127.0.0.1 at Wed Nov 16 17:36:09 -0800 2011

ActionController::RoutingError (No route matches "/javascripts/jquery_ujs.js"):
  

Rendered /usr/local/lib/ruby/gems/1.8/gems/actionpack-3.0.9/lib/action_dispatch/middleware/templates/rescues/routing_error.erb within rescues/layout (3.1ms)


Started GET "/javascripts/jquery.js" for 127.0.0.1 at Wed Nov 16 17:36:09 -0800 2011

ActionController::RoutingError (No route matches "/javascripts/jquery.js"):
  

Rendered /usr/local/lib/ruby/gems/1.8/gems/actionpack-3.0.9/lib/action_dispatch/middleware/templates/rescues/routing_error.erb within rescues/layout (3.2ms)


Started GET "/javascripts/jquery_ujs.js" for 127.0.0.1 at Wed Nov 16 17:36:09 -0800 2011

ActionController::RoutingError (No route matches "/javascripts/jquery_ujs.js"):
  

Rendered /usr/local/lib/ruby/gems/1.8/gems/actionpack-3.0.9/lib/action_dispatch/middleware/templates/rescues/routing_error.erb within rescues/layout (4.2ms)


Started GET "/contacts" for 127.0.0.1 at Wed Nov 16 17:36:10 -0800 2011
  Processing by ContactsController#index as HTML
  [1m[35mContact Load (0.5ms)[0m  SELECT `contacts`.* FROM `contacts`
Rendered contacts/index.html.erb within layouts/application (202.1ms)
Completed 200 OK in 252ms (Views: 219.8ms | ActiveRecord: 0.5ms)


Started GET "/javascripts/jquery_ujs.js" for 127.0.0.1 at Wed Nov 16 17:36:11 -0800 2011

ActionController::RoutingError (No route matches "/javascripts/jquery_ujs.js"):
  

Rendered /usr/local/lib/ruby/gems/1.8/gems/actionpack-3.0.9/lib/action_dispatch/middleware/templates/rescues/routing_error.erb within rescues/layout (5.3ms)


Started GET "/javascripts/jquery.js" for 127.0.0.1 at Wed Nov 16 17:36:11 -0800 2011

ActionController::RoutingError (No route matches "/javascripts/jquery.js"):
  

Rendered /usr/local/lib/ruby/gems/1.8/gems/actionpack-3.0.9/lib/action_dispatch/middleware/templates/rescues/routing_error.erb within rescues/layout (17.9ms)


Started GET "/javascripts/jquery_ujs.js" for 127.0.0.1 at Wed Nov 16 17:36:11 -0800 2011

ActionController::RoutingError (No route matches "/javascripts/jquery_ujs.js"):
  

Rendered /usr/local/lib/ruby/gems/1.8/gems/actionpack-3.0.9/lib/action_dispatch/middleware/templates/rescues/routing_error.erb within rescues/layout (3.3ms)


Started GET "/contacts/new" for 127.0.0.1 at Wed Nov 16 17:36:34 -0800 2011
  Processing by ContactsController#new as HTML
Rendered contacts/_form.html.erb (50.5ms)
Rendered contacts/new.html.erb within layouts/application (68.6ms)
Completed 200 OK in 121ms (Views: 87.5ms | ActiveRecord: 0.0ms)


Started GET "/javascripts/jquery.js" for 127.0.0.1 at Wed Nov 16 17:36:35 -0800 2011

ActionController::RoutingError (No route matches "/javascripts/jquery.js"):
  

Rendered /usr/local/lib/ruby/gems/1.8/gems/actionpack-3.0.9/lib/action_dispatch/middleware/templates/rescues/routing_error.erb within rescues/layout (3.2ms)


Started GET "/javascripts/jquery_ujs.js" for 127.0.0.1 at Wed Nov 16 17:36:35 -0800 2011

ActionController::RoutingError (No route matches "/javascripts/jquery_ujs.js"):
  

Rendered /usr/local/lib/ruby/gems/1.8/gems/actionpack-3.0.9/lib/action_dispatch/middleware/templates/rescues/routing_error.erb within rescues/layout (3.3ms)


Started GET "/contacts" for 127.0.0.1 at Wed Nov 16 17:36:45 -0800 2011
  Processing by ContactsController#index as HTML
  [1m[36mContact Load (0.5ms)[0m  [1mSELECT `contacts`.* FROM `contacts`[0m
Rendered contacts/index.html.erb within layouts/application (15.2ms)
Completed 200 OK in 68ms (Views: 33.1ms | ActiveRecord: 0.5ms)


Started GET "/javascripts/jquery_ujs.js" for 127.0.0.1 at Wed Nov 16 17:36:46 -0800 2011

ActionController::RoutingError (No route matches "/javascripts/jquery_ujs.js"):
  

Rendered /usr/local/lib/ruby/gems/1.8/gems/actionpack-3.0.9/lib/action_dispatch/middleware/templates/rescues/routing_error.erb within rescues/layout (20.3ms)


Started GET "/javascripts/jquery.js" for 127.0.0.1 at Wed Nov 16 17:36:46 -0800 2011

ActionController::RoutingError (No route matches "/javascripts/jquery.js"):
  

Rendered /usr/local/lib/ruby/gems/1.8/gems/actionpack-3.0.9/lib/action_dispatch/middleware/templates/rescues/routing_error.erb within rescues/layout (2.9ms)


Started GET "/javascripts/jquery_ujs.js" for 127.0.0.1 at Wed Nov 16 17:36:46 -0800 2011

ActionController::RoutingError (No route matches "/javascripts/jquery_ujs.js"):
  

Rendered /usr/local/lib/ruby/gems/1.8/gems/actionpack-3.0.9/lib/action_dispatch/middleware/templates/rescues/routing_error.erb within rescues/layout (3.3ms)


Started GET "/contacts" for 127.0.0.1 at Wed Nov 16 17:37:46 -0800 2011
  Processing by ContactsController#index as HTML
  [1m[35mContact Load (0.5ms)[0m  SELECT `contacts`.* FROM `contacts`
Rendered contacts/index.html.erb within layouts/application (14.8ms)
Completed 200 OK in 216ms (Views: 32.4ms | ActiveRecord: 0.5ms)


Started GET "/javascripts/jquery.js" for 127.0.0.1 at Wed Nov 16 17:37:46 -0800 2011

ActionController::RoutingError (No route matches "/javascripts/jquery.js"):
  

Rendered /usr/local/lib/ruby/gems/1.8/gems/actionpack-3.0.9/lib/action_dispatch/middleware/templates/rescues/routing_error.erb within rescues/layout (3.0ms)


Started GET "/javascripts/jquery_ujs.js" for 127.0.0.1 at Wed Nov 16 17:37:46 -0800 2011

ActionController::RoutingError (No route matches "/javascripts/jquery_ujs.js"):
  

Rendered /usr/local/lib/ruby/gems/1.8/gems/actionpack-3.0.9/lib/action_dispatch/middleware/templates/rescues/routing_error.erb within rescues/layout (2.9ms)


Started GET "/contacts" for 127.0.0.1 at Wed Nov 16 17:38:06 -0800 2011
  Processing by ContactsController#index as HTML
  [1m[36mContact Load (0.5ms)[0m  [1mSELECT `contacts`.* FROM `contacts`[0m
Rendered contacts/index.html.erb within layouts/application (21.3ms)
Completed 200 OK in 65ms (Views: 39.6ms | ActiveRecord: 0.5ms)


Started GET "/javascripts/jquery_ujs.js" for 127.0.0.1 at Wed Nov 16 17:38:06 -0800 2011

ActionController::RoutingError (No route matches "/javascripts/jquery_ujs.js"):
  

Rendered /usr/local/lib/ruby/gems/1.8/gems/actionpack-3.0.9/lib/action_dispatch/middleware/templates/rescues/routing_error.erb within rescues/layout (3.2ms)


Started GET "/javascripts/jquery.js" for 127.0.0.1 at Wed Nov 16 17:38:06 -0800 2011

ActionController::RoutingError (No route matches "/javascripts/jquery.js"):
  

Rendered /usr/local/lib/ruby/gems/1.8/gems/actionpack-3.0.9/lib/action_dispatch/middleware/templates/rescues/routing_error.erb within rescues/layout (4.4ms)


Started GET "/javascripts/jquery_ujs.js" for 127.0.0.1 at Wed Nov 16 17:38:06 -0800 2011

ActionController::RoutingError (No route matches "/javascripts/jquery_ujs.js"):
  

Rendered /usr/local/lib/ruby/gems/1.8/gems/actionpack-3.0.9/lib/action_dispatch/middleware/templates/rescues/routing_error.erb within rescues/layout (2.9ms)


Started GET "/contacts" for 127.0.0.1 at Wed Nov 16 17:38:19 -0800 2011
  Processing by ContactsController#index as HTML
  [1m[35mContact Load (0.5ms)[0m  SELECT `contacts`.* FROM `contacts`
Rendered contacts/index.html.erb within layouts/application (18.0ms)
Completed 200 OK in 66ms (Views: 35.6ms | ActiveRecord: 0.5ms)


Started GET "/javascripts/jquery.js" for 127.0.0.1 at Wed Nov 16 17:38:20 -0800 2011

ActionController::RoutingError (No route matches "/javascripts/jquery.js"):
  

Rendered /usr/local/lib/ruby/gems/1.8/gems/actionpack-3.0.9/lib/action_dispatch/middleware/templates/rescues/routing_error.erb within rescues/layout (3.6ms)


Started GET "/javascripts/jquery_ujs.js" for 127.0.0.1 at Wed Nov 16 17:38:20 -0800 2011

ActionController::RoutingError (No route matches "/javascripts/jquery_ujs.js"):
  

Rendered /usr/local/lib/ruby/gems/1.8/gems/actionpack-3.0.9/lib/action_dispatch/middleware/templates/rescues/routing_error.erb within rescues/layout (3.2ms)


Started GET "/contacts" for 127.0.0.1 at Wed Nov 16 17:38:33 -0800 2011
  Processing by ContactsController#index as HTML
  [1m[36mContact Load (0.5ms)[0m  [1mSELECT `contacts`.* FROM `contacts`[0m
Rendered contacts/index.html.erb within layouts/application (20.9ms)
Completed 200 OK in 66ms (Views: 39.7ms | ActiveRecord: 0.5ms)


Started GET "/javascripts/jquery_ujs.js" for 127.0.0.1 at Wed Nov 16 17:38:33 -0800 2011

ActionController::RoutingError (No route matches "/javascripts/jquery_ujs.js"):
  

Rendered /usr/local/lib/ruby/gems/1.8/gems/actionpack-3.0.9/lib/action_dispatch/middleware/templates/rescues/routing_error.erb within rescues/layout (3.0ms)


Started GET "/javascripts/jquery.js" for 127.0.0.1 at Wed Nov 16 17:38:33 -0800 2011

ActionController::RoutingError (No route matches "/javascripts/jquery.js"):
  

Rendered /usr/local/lib/ruby/gems/1.8/gems/actionpack-3.0.9/lib/action_dispatch/middleware/templates/rescues/routing_error.erb within rescues/layout (2.9ms)


Started GET "/javascripts/jquery_ujs.js" for 127.0.0.1 at Wed Nov 16 17:38:33 -0800 2011

ActionController::RoutingError (No route matches "/javascripts/jquery_ujs.js"):
  

Rendered /usr/local/lib/ruby/gems/1.8/gems/actionpack-3.0.9/lib/action_dispatch/middleware/templates/rescues/routing_error.erb within rescues/layout (3.1ms)


Started GET "/contacts" for 127.0.0.1 at Wed Nov 16 17:38:44 -0800 2011
  Processing by ContactsController#index as HTML
  [1m[35mContact Load (0.5ms)[0m  SELECT `contacts`.* FROM `contacts`
Rendered contacts/index.html.erb within layouts/application (13.8ms)
Completed 200 OK in 63ms (Views: 32.7ms | ActiveRecord: 0.5ms)


Started GET "/javascripts/jquery.js" for 127.0.0.1 at Wed Nov 16 17:38:44 -0800 2011

ActionController::RoutingError (No route matches "/javascripts/jquery.js"):
  

Rendered /usr/local/lib/ruby/gems/1.8/gems/actionpack-3.0.9/lib/action_dispatch/middleware/templates/rescues/routing_error.erb within rescues/layout (2.9ms)


Started GET "/javascripts/jquery_ujs.js" for 127.0.0.1 at Wed Nov 16 17:38:44 -0800 2011

ActionController::RoutingError (No route matches "/javascripts/jquery_ujs.js"):
  

Rendered /usr/local/lib/ruby/gems/1.8/gems/actionpack-3.0.9/lib/action_dispatch/middleware/templates/rescues/routing_error.erb within rescues/layout (3.0ms)


Started GET "/contacts" for 127.0.0.1 at Wed Nov 16 17:38:55 -0800 2011
  Processing by ContactsController#index as HTML
  [1m[36mContact Load (2.0ms)[0m  [1mSELECT `contacts`.* FROM `contacts`[0m
Rendered contacts/index.html.erb within layouts/application (14.0ms)
Completed 200 OK in 69ms (Views: 31.3ms | ActiveRecord: 2.0ms)


Started GET "/javascripts/jquery.js" for 127.0.0.1 at Wed Nov 16 17:38:55 -0800 2011

ActionController::RoutingError (No route matches "/javascripts/jquery.js"):
  

Rendered /usr/local/lib/ruby/gems/1.8/gems/actionpack-3.0.9/lib/action_dispatch/middleware/templates/rescues/routing_error.erb within rescues/layout (4.0ms)


Started GET "/javascripts/jquery_ujs.js" for 127.0.0.1 at Wed Nov 16 17:38:55 -0800 2011

ActionController::RoutingError (No route matches "/javascripts/jquery_ujs.js"):
  

Rendered /usr/local/lib/ruby/gems/1.8/gems/actionpack-3.0.9/lib/action_dispatch/middleware/templates/rescues/routing_error.erb within rescues/layout (3.3ms)


Started GET "/contacts" for 127.0.0.1 at Wed Nov 16 17:39:06 -0800 2011
  Processing by ContactsController#index as HTML
  [1m[35mContact Load (2.1ms)[0m  SELECT `contacts`.* FROM `contacts`
Rendered contacts/index.html.erb within layouts/application (21.0ms)
Completed 200 OK in 73ms (Views: 39.1ms | ActiveRecord: 2.1ms)


Started GET "/javascripts/jquery_ujs.js" for 127.0.0.1 at Wed Nov 16 17:39:06 -0800 2011

ActionController::RoutingError (No route matches "/javascripts/jquery_ujs.js"):
  

Rendered /usr/local/lib/ruby/gems/1.8/gems/actionpack-3.0.9/lib/action_dispatch/middleware/templates/rescues/routing_error.erb within rescues/layout (3.3ms)


Started GET "/javascripts/jquery.js" for 127.0.0.1 at Wed Nov 16 17:39:06 -0800 2011

ActionController::RoutingError (No route matches "/javascripts/jquery.js"):
  

Rendered /usr/local/lib/ruby/gems/1.8/gems/actionpack-3.0.9/lib/action_dispatch/middleware/templates/rescues/routing_error.erb within rescues/layout (18.1ms)


Started GET "/javascripts/jquery_ujs.js" for 127.0.0.1 at Wed Nov 16 17:39:07 -0800 2011

ActionController::RoutingError (No route matches "/javascripts/jquery_ujs.js"):
  

Rendered /usr/local/lib/ruby/gems/1.8/gems/actionpack-3.0.9/lib/action_dispatch/middleware/templates/rescues/routing_error.erb within rescues/layout (2.9ms)


Started GET "/contacts" for 127.0.0.1 at Wed Nov 16 17:39:22 -0800 2011
  Processing by ContactsController#index as HTML
  [1m[36mContact Load (0.5ms)[0m  [1mSELECT `contacts`.* FROM `contacts`[0m
Rendered contacts/index.html.erb within layouts/application (14.5ms)
Completed 200 OK in 68ms (Views: 41.9ms | ActiveRecord: 0.5ms)


Started GET "/javascripts/jquery_ujs.js" for 127.0.0.1 at Wed Nov 16 17:39:22 -0800 2011

ActionController::RoutingError (No route matches "/javascripts/jquery_ujs.js"):
  

Rendered /usr/local/lib/ruby/gems/1.8/gems/actionpack-3.0.9/lib/action_dispatch/middleware/templates/rescues/routing_error.erb within rescues/layout (7.2ms)


Started GET "/javascripts/jquery.js" for 127.0.0.1 at Wed Nov 16 17:39:22 -0800 2011

ActionController::RoutingError (No route matches "/javascripts/jquery.js"):
  

Rendered /usr/local/lib/ruby/gems/1.8/gems/actionpack-3.0.9/lib/action_dispatch/middleware/templates/rescues/routing_error.erb within rescues/layout (2.8ms)


Started GET "/javascripts/jquery_ujs.js" for 127.0.0.1 at Wed Nov 16 17:39:23 -0800 2011

ActionController::RoutingError (No route matches "/javascripts/jquery_ujs.js"):
  

Rendered /usr/local/lib/ruby/gems/1.8/gems/actionpack-3.0.9/lib/action_dispatch/middleware/templates/rescues/routing_error.erb within rescues/layout (9.3ms)


Started GET "/contacts" for 127.0.0.1 at Wed Nov 16 17:39:31 -0800 2011
  Processing by ContactsController#index as HTML
  [1m[35mContact Load (0.5ms)[0m  SELECT `contacts`.* FROM `contacts`
Rendered contacts/index.html.erb within layouts/application (14.2ms)
Completed 200 OK in 58ms (Views: 32.8ms | ActiveRecord: 0.5ms)


Started GET "/javascripts/jquery.js" for 127.0.0.1 at Wed Nov 16 17:39:32 -0800 2011

ActionController::RoutingError (No route matches "/javascripts/jquery.js"):
  

Rendered /usr/local/lib/ruby/gems/1.8/gems/actionpack-3.0.9/lib/action_dispatch/middleware/templates/rescues/routing_error.erb within rescues/layout (3.1ms)


Started GET "/javascripts/jquery_ujs.js" for 127.0.0.1 at Wed Nov 16 17:39:32 -0800 2011

ActionController::RoutingError (No route matches "/javascripts/jquery_ujs.js"):
  

Rendered /usr/local/lib/ruby/gems/1.8/gems/actionpack-3.0.9/lib/action_dispatch/middleware/templates/rescues/routing_error.erb within rescues/layout (3.1ms)


Started GET "/contacts/new" for 127.0.0.1 at Wed Nov 16 17:39:39 -0800 2011
  Processing by ContactsController#new as HTML
Rendered contacts/_form.html.erb (63.2ms)
Rendered contacts/new.html.erb within layouts/application (81.4ms)
Completed 200 OK in 135ms (Views: 101.9ms | ActiveRecord: 0.0ms)


Started GET "/javascripts/jquery_ujs.js" for 127.0.0.1 at Wed Nov 16 17:39:39 -0800 2011

ActionController::RoutingError (No route matches "/javascripts/jquery_ujs.js"):
  

Rendered /usr/local/lib/ruby/gems/1.8/gems/actionpack-3.0.9/lib/action_dispatch/middleware/templates/rescues/routing_error.erb within rescues/layout (2.9ms)


Started GET "/javascripts/jquery.js" for 127.0.0.1 at Wed Nov 16 17:39:39 -0800 2011

ActionController::RoutingError (No route matches "/javascripts/jquery.js"):
  

Rendered /usr/local/lib/ruby/gems/1.8/gems/actionpack-3.0.9/lib/action_dispatch/middleware/templates/rescues/routing_error.erb within rescues/layout (3.9ms)


Started GET "/javascripts/jquery_ujs.js" for 127.0.0.1 at Wed Nov 16 17:39:40 -0800 2011

ActionController::RoutingError (No route matches "/javascripts/jquery_ujs.js"):
  

Rendered /usr/local/lib/ruby/gems/1.8/gems/actionpack-3.0.9/lib/action_dispatch/middleware/templates/rescues/routing_error.erb within rescues/layout (3.1ms)


Started GET "/contacts" for 192.168.100.34 at Wed Nov 16 17:40:23 -0800 2011
  Processing by ContactsController#index as HTML
  [1m[36mContact Load (0.5ms)[0m  [1mSELECT `contacts`.* FROM `contacts`[0m
Rendered contacts/index.html.erb within layouts/application (18.7ms)
Completed 200 OK in 67ms (Views: 39.9ms | ActiveRecord: 0.5ms)


Started GET "/javascripts/jquery.js" for 192.168.100.34 at Wed Nov 16 17:40:23 -0800 2011

ActionController::RoutingError (No route matches "/javascripts/jquery.js"):
  

Rendered /usr/local/lib/ruby/gems/1.8/gems/actionpack-3.0.9/lib/action_dispatch/middleware/templates/rescues/routing_error.erb within rescues/layout (3.4ms)


Started GET "/javascripts/jquery_ujs.js" for 192.168.100.34 at Wed Nov 16 17:40:23 -0800 2011

ActionController::RoutingError (No route matches "/javascripts/jquery_ujs.js"):
  

Rendered /usr/local/lib/ruby/gems/1.8/gems/actionpack-3.0.9/lib/action_dispatch/middleware/templates/rescues/routing_error.erb within rescues/layout (5.7ms)


Started GET "/contacts/new" for 192.168.100.34 at Wed Nov 16 17:40:27 -0800 2011
  Processing by ContactsController#new as HTML
Rendered contacts/_form.html.erb (52.5ms)
Rendered contacts/new.html.erb within layouts/application (72.2ms)
Completed 200 OK in 124ms (Views: 94.1ms | ActiveRecord: 0.0ms)


Started GET "/javascripts/jquery.js" for 192.168.100.34 at Wed Nov 16 17:40:28 -0800 2011

ActionController::RoutingError (No route matches "/javascripts/jquery.js"):
  

Rendered /usr/local/lib/ruby/gems/1.8/gems/actionpack-3.0.9/lib/action_dispatch/middleware/templates/rescues/routing_error.erb within rescues/layout (3.2ms)


Started GET "/javascripts/jquery_ujs.js" for 192.168.100.34 at Wed Nov 16 17:40:28 -0800 2011

ActionController::RoutingError (No route matches "/javascripts/jquery_ujs.js"):
  

Rendered /usr/local/lib/ruby/gems/1.8/gems/actionpack-3.0.9/lib/action_dispatch/middleware/templates/rescues/routing_error.erb within rescues/layout (4.2ms)


Started GET "/contacts" for 192.168.100.34 at Wed Nov 16 17:40:31 -0800 2011
  Processing by ContactsController#index as HTML
  [1m[35mContact Load (0.6ms)[0m  SELECT `contacts`.* FROM `contacts`
Rendered contacts/index.html.erb within layouts/application (19.6ms)
Completed 200 OK in 72ms (Views: 41.1ms | ActiveRecord: 0.6ms)


Started GET "/javascripts/jquery.js" for 192.168.100.34 at Wed Nov 16 17:40:31 -0800 2011

ActionController::RoutingError (No route matches "/javascripts/jquery.js"):
  

Rendered /usr/local/lib/ruby/gems/1.8/gems/actionpack-3.0.9/lib/action_dispatch/middleware/templates/rescues/routing_error.erb within rescues/layout (3.3ms)


Started GET "/javascripts/jquery_ujs.js" for 192.168.100.34 at Wed Nov 16 17:40:31 -0800 2011

ActionController::RoutingError (No route matches "/javascripts/jquery_ujs.js"):
  

Rendered /usr/local/lib/ruby/gems/1.8/gems/actionpack-3.0.9/lib/action_dispatch/middleware/templates/rescues/routing_error.erb within rescues/layout (3.5ms)


Started GET "/contacts/new" for 127.0.0.1 at Wed Nov 16 17:40:41 -0800 2011
  Processing by ContactsController#new as HTML
Rendered contacts/_form.html.erb (57.1ms)
Rendered contacts/new.html.erb within layouts/application (82.1ms)
Completed 200 OK in 141ms (Views: 102.9ms | ActiveRecord: 0.0ms)


Started GET "/javascripts/jquery_ujs.js" for 127.0.0.1 at Wed Nov 16 17:40:42 -0800 2011

ActionController::RoutingError (No route matches "/javascripts/jquery_ujs.js"):
  

Rendered /usr/local/lib/ruby/gems/1.8/gems/actionpack-3.0.9/lib/action_dispatch/middleware/templates/rescues/routing_error.erb within rescues/layout (3.8ms)


Started GET "/javascripts/jquery.js" for 127.0.0.1 at Wed Nov 16 17:40:42 -0800 2011

ActionController::RoutingError (No route matches "/javascripts/jquery.js"):
  

Rendered /usr/local/lib/ruby/gems/1.8/gems/actionpack-3.0.9/lib/action_dispatch/middleware/templates/rescues/routing_error.erb within rescues/layout (3.7ms)


Started GET "/javascripts/jquery_ujs.js" for 127.0.0.1 at Wed Nov 16 17:40:42 -0800 2011

ActionController::RoutingError (No route matches "/javascripts/jquery_ujs.js"):
  

Rendered /usr/local/lib/ruby/gems/1.8/gems/actionpack-3.0.9/lib/action_dispatch/middleware/templates/rescues/routing_error.erb within rescues/layout (10.1ms)


Started GET "/contacts/new" for 127.0.0.1 at Wed Nov 16 17:41:06 -0800 2011
  Processing by ContactsController#new as HTML
Rendered contacts/_form.html.erb (56.5ms)
Rendered contacts/new.html.erb within layouts/application (76.1ms)
Completed 200 OK in 133ms (Views: 103.1ms | ActiveRecord: 0.0ms)


Started GET "/javascripts/jquery_ujs.js" for 127.0.0.1 at Wed Nov 16 17:41:06 -0800 2011

ActionController::RoutingError (No route matches "/javascripts/jquery_ujs.js"):
  

Rendered /usr/local/lib/ruby/gems/1.8/gems/actionpack-3.0.9/lib/action_dispatch/middleware/templates/rescues/routing_error.erb within rescues/layout (3.4ms)


Started GET "/javascripts/jquery.js" for 127.0.0.1 at Wed Nov 16 17:41:06 -0800 2011

ActionController::RoutingError (No route matches "/javascripts/jquery.js"):
  

Rendered /usr/local/lib/ruby/gems/1.8/gems/actionpack-3.0.9/lib/action_dispatch/middleware/templates/rescues/routing_error.erb within rescues/layout (3.6ms)


Started GET "/javascripts/jquery_ujs.js" for 127.0.0.1 at Wed Nov 16 17:41:06 -0800 2011

ActionController::RoutingError (No route matches "/javascripts/jquery_ujs.js"):
  

Rendered /usr/local/lib/ruby/gems/1.8/gems/actionpack-3.0.9/lib/action_dispatch/middleware/templates/rescues/routing_error.erb within rescues/layout (3.8ms)


Started GET "/contacts" for 127.0.0.1 at Wed Nov 16 17:41:13 -0800 2011
  Processing by ContactsController#index as HTML
  [1m[36mContact Load (0.5ms)[0m  [1mSELECT `contacts`.* FROM `contacts`[0m
Rendered contacts/index.html.erb within layouts/application (23.5ms)
Completed 200 OK in 87ms (Views: 44.3ms | ActiveRecord: 0.5ms)


Started GET "/javascripts/jquery.js" for 127.0.0.1 at Wed Nov 16 17:41:13 -0800 2011

ActionController::RoutingError (No route matches "/javascripts/jquery.js"):
  

Rendered /usr/local/lib/ruby/gems/1.8/gems/actionpack-3.0.9/lib/action_dispatch/middleware/templates/rescues/routing_error.erb within rescues/layout (3.2ms)


Started GET "/javascripts/jquery_ujs.js" for 127.0.0.1 at Wed Nov 16 17:41:14 -0800 2011

ActionController::RoutingError (No route matches "/javascripts/jquery_ujs.js"):
  

Rendered /usr/local/lib/ruby/gems/1.8/gems/actionpack-3.0.9/lib/action_dispatch/middleware/templates/rescues/routing_error.erb within rescues/layout (11.6ms)


Started GET "/contacts/new" for 127.0.0.1 at Wed Nov 16 17:41:16 -0800 2011
  Processing by ContactsController#new as HTML
Rendered contacts/_form.html.erb (56.9ms)
Rendered contacts/new.html.erb within layouts/application (83.2ms)
Completed 200 OK in 153ms (Views: 114.7ms | ActiveRecord: 0.0ms)


Started GET "/javascripts/jquery_ujs.js" for 127.0.0.1 at Wed Nov 16 17:41:16 -0800 2011

ActionController::RoutingError (No route matches "/javascripts/jquery_ujs.js"):
  

Rendered /usr/local/lib/ruby/gems/1.8/gems/actionpack-3.0.9/lib/action_dispatch/middleware/templates/rescues/routing_error.erb within rescues/layout (3.6ms)


Started GET "/javascripts/jquery.js" for 127.0.0.1 at Wed Nov 16 17:41:16 -0800 2011

ActionController::RoutingError (No route matches "/javascripts/jquery.js"):
  

Rendered /usr/local/lib/ruby/gems/1.8/gems/actionpack-3.0.9/lib/action_dispatch/middleware/templates/rescues/routing_error.erb within rescues/layout (11.2ms)


Started GET "/javascripts/jquery_ujs.js" for 127.0.0.1 at Wed Nov 16 17:41:17 -0800 2011

ActionController::RoutingError (No route matches "/javascripts/jquery_ujs.js"):
  

Rendered /usr/local/lib/ruby/gems/1.8/gems/actionpack-3.0.9/lib/action_dispatch/middleware/templates/rescues/routing_error.erb within rescues/layout (3.1ms)


Started GET "/contacts" for 127.0.0.1 at Wed Nov 16 17:41:19 -0800 2011
  Processing by ContactsController#index as HTML
  [1m[35mContact Load (0.7ms)[0m  SELECT `contacts`.* FROM `contacts`
Rendered contacts/index.html.erb within layouts/application (22.1ms)
Completed 200 OK in 76ms (Views: 42.4ms | ActiveRecord: 0.7ms)


Started GET "/javascripts/jquery_ujs.js" for 127.0.0.1 at Wed Nov 16 17:41:20 -0800 2011

ActionController::RoutingError (No route matches "/javascripts/jquery_ujs.js"):
  

Rendered /usr/local/lib/ruby/gems/1.8/gems/actionpack-3.0.9/lib/action_dispatch/middleware/templates/rescues/routing_error.erb within rescues/layout (3.6ms)


Started GET "/javascripts/jquery.js" for 127.0.0.1 at Wed Nov 16 17:41:20 -0800 2011

ActionController::RoutingError (No route matches "/javascripts/jquery.js"):
  

Rendered /usr/local/lib/ruby/gems/1.8/gems/actionpack-3.0.9/lib/action_dispatch/middleware/templates/rescues/routing_error.erb within rescues/layout (4.7ms)


Started GET "/javascripts/jquery_ujs.js" for 127.0.0.1 at Wed Nov 16 17:41:20 -0800 2011

ActionController::RoutingError (No route matches "/javascripts/jquery_ujs.js"):
  

Rendered /usr/local/lib/ruby/gems/1.8/gems/actionpack-3.0.9/lib/action_dispatch/middleware/templates/rescues/routing_error.erb within rescues/layout (10.0ms)


Started GET "/contacts/new" for 192.168.100.34 at Wed Nov 16 17:41:24 -0800 2011
  Processing by ContactsController#new as HTML
Rendered contacts/_form.html.erb (187.1ms)
Rendered contacts/new.html.erb within layouts/application (212.1ms)
Completed 200 OK in 268ms (Views: 238.4ms | ActiveRecord: 0.0ms)


Started GET "/javascripts/jquery.js" for 192.168.100.34 at Wed Nov 16 17:41:24 -0800 2011

ActionController::RoutingError (No route matches "/javascripts/jquery.js"):
  

Rendered /usr/local/lib/ruby/gems/1.8/gems/actionpack-3.0.9/lib/action_dispatch/middleware/templates/rescues/routing_error.erb within rescues/layout (3.5ms)


Started GET "/javascripts/jquery_ujs.js" for 192.168.100.34 at Wed Nov 16 17:41:25 -0800 2011

ActionController::RoutingError (No route matches "/javascripts/jquery_ujs.js"):
  

Rendered /usr/local/lib/ruby/gems/1.8/gems/actionpack-3.0.9/lib/action_dispatch/middleware/templates/rescues/routing_error.erb within rescues/layout (3.9ms)


Started GET "/contacts/new" for 127.0.0.1 at Wed Nov 16 17:41:28 -0800 2011
  Processing by ContactsController#new as HTML
Rendered contacts/_form.html.erb (67.0ms)
Rendered contacts/new.html.erb within layouts/application (91.4ms)
Completed 200 OK in 149ms (Views: 111.6ms | ActiveRecord: 0.0ms)


Started GET "/javascripts/jquery_ujs.js" for 127.0.0.1 at Wed Nov 16 17:41:29 -0800 2011

ActionController::RoutingError (No route matches "/javascripts/jquery_ujs.js"):
  

Rendered /usr/local/lib/ruby/gems/1.8/gems/actionpack-3.0.9/lib/action_dispatch/middleware/templates/rescues/routing_error.erb within rescues/layout (3.8ms)


Started GET "/javascripts/jquery.js" for 127.0.0.1 at Wed Nov 16 17:41:29 -0800 2011

ActionController::RoutingError (No route matches "/javascripts/jquery.js"):
  

Rendered /usr/local/lib/ruby/gems/1.8/gems/actionpack-3.0.9/lib/action_dispatch/middleware/templates/rescues/routing_error.erb within rescues/layout (3.4ms)


Started GET "/javascripts/jquery_ujs.js" for 127.0.0.1 at Wed Nov 16 17:41:29 -0800 2011

ActionController::RoutingError (No route matches "/javascripts/jquery_ujs.js"):
  

Rendered /usr/local/lib/ruby/gems/1.8/gems/actionpack-3.0.9/lib/action_dispatch/middleware/templates/rescues/routing_error.erb within rescues/layout (10.8ms)


Started GET "/contacts" for 127.0.0.1 at Wed Nov 16 17:41:47 -0800 2011
  Processing by ContactsController#index as HTML
  [1m[36mContact Load (0.6ms)[0m  [1mSELECT `contacts`.* FROM `contacts`[0m
Rendered contacts/index.html.erb within layouts/application (15.4ms)
Completed 200 OK in 70ms (Views: 35.1ms | ActiveRecord: 0.6ms)


Started GET "/javascripts/jquery.js" for 127.0.0.1 at Wed Nov 16 17:41:47 -0800 2011

ActionController::RoutingError (No route matches "/javascripts/jquery.js"):
  

Rendered /usr/local/lib/ruby/gems/1.8/gems/actionpack-3.0.9/lib/action_dispatch/middleware/templates/rescues/routing_error.erb within rescues/layout (3.1ms)


Started GET "/javascripts/jquery_ujs.js" for 127.0.0.1 at Wed Nov 16 17:41:47 -0800 2011

ActionController::RoutingError (No route matches "/javascripts/jquery_ujs.js"):
  

Rendered /usr/local/lib/ruby/gems/1.8/gems/actionpack-3.0.9/lib/action_dispatch/middleware/templates/rescues/routing_error.erb within rescues/layout (5.0ms)


Started GET "/javascripts/jquery_ujs.js" for 127.0.0.1 at Wed Nov 16 17:41:48 -0800 2011

ActionController::RoutingError (No route matches "/javascripts/jquery_ujs.js"):
  

Rendered /usr/local/lib/ruby/gems/1.8/gems/actionpack-3.0.9/lib/action_dispatch/middleware/templates/rescues/routing_error.erb within rescues/layout (3.1ms)


Started GET "/contacts/new" for 127.0.0.1 at Wed Nov 16 17:42:06 -0800 2011
  Processing by ContactsController#new as HTML
Rendered contacts/_form.html.erb (55.5ms)
Rendered contacts/new.html.erb within layouts/application (94.5ms)
Completed 200 OK in 155ms (Views: 121.0ms | ActiveRecord: 0.0ms)


Started GET "/javascripts/jquery.js" for 127.0.0.1 at Wed Nov 16 17:42:07 -0800 2011

ActionController::RoutingError (No route matches "/javascripts/jquery.js"):
  

Rendered /usr/local/lib/ruby/gems/1.8/gems/actionpack-3.0.9/lib/action_dispatch/middleware/templates/rescues/routing_error.erb within rescues/layout (7.0ms)


Started GET "/javascripts/jquery_ujs.js" for 127.0.0.1 at Wed Nov 16 17:42:07 -0800 2011

ActionController::RoutingError (No route matches "/javascripts/jquery_ujs.js"):
  

Rendered /usr/local/lib/ruby/gems/1.8/gems/actionpack-3.0.9/lib/action_dispatch/middleware/templates/rescues/routing_error.erb within rescues/layout (3.7ms)


Started GET "/contacts" for 127.0.0.1 at Wed Nov 16 17:42:16 -0800 2011
  Processing by ContactsController#index as HTML
  [1m[35mContact Load (11.4ms)[0m  SELECT `contacts`.* FROM `contacts`
Rendered contacts/index.html.erb within layouts/application (15.3ms)
Completed 200 OK in 77ms (Views: 36.8ms | ActiveRecord: 11.4ms)


Started GET "/javascripts/jquery.js" for 127.0.0.1 at Wed Nov 16 17:42:16 -0800 2011

ActionController::RoutingError (No route matches "/javascripts/jquery.js"):
  

Rendered /usr/local/lib/ruby/gems/1.8/gems/actionpack-3.0.9/lib/action_dispatch/middleware/templates/rescues/routing_error.erb within rescues/layout (3.2ms)


Started GET "/javascripts/jquery_ujs.js" for 127.0.0.1 at Wed Nov 16 17:42:16 -0800 2011

ActionController::RoutingError (No route matches "/javascripts/jquery_ujs.js"):
  

Rendered /usr/local/lib/ruby/gems/1.8/gems/actionpack-3.0.9/lib/action_dispatch/middleware/templates/rescues/routing_error.erb within rescues/layout (5.6ms)


Started GET "/contacts/new" for 127.0.0.1 at Wed Nov 16 17:42:26 -0800 2011
  Processing by ContactsController#new as HTML
Rendered contacts/_form.html.erb (53.6ms)
Rendered contacts/new.html.erb within layouts/application (73.4ms)
Completed 200 OK in 132ms (Views: 92.8ms | ActiveRecord: 0.0ms)


Started GET "/javascripts/jquery.js" for 127.0.0.1 at Wed Nov 16 17:42:26 -0800 2011

ActionController::RoutingError (No route matches "/javascripts/jquery.js"):
  

Rendered /usr/local/lib/ruby/gems/1.8/gems/actionpack-3.0.9/lib/action_dispatch/middleware/templates/rescues/routing_error.erb within rescues/layout (4.1ms)


Started GET "/javascripts/jquery_ujs.js" for 127.0.0.1 at Wed Nov 16 17:42:26 -0800 2011

ActionController::RoutingError (No route matches "/javascripts/jquery_ujs.js"):
  

Rendered /usr/local/lib/ruby/gems/1.8/gems/actionpack-3.0.9/lib/action_dispatch/middleware/templates/rescues/routing_error.erb within rescues/layout (3.1ms)


Started GET "/contacts/new" for 127.0.0.1 at Wed Nov 16 17:42:34 -0800 2011
  Processing by ContactsController#new as HTML
Rendered contacts/_form.html.erb (68.4ms)
Rendered contacts/new.html.erb within layouts/application (92.3ms)
Completed 200 OK in 145ms (Views: 114.9ms | ActiveRecord: 0.0ms)


Started GET "/javascripts/jquery_ujs.js" for 127.0.0.1 at Wed Nov 16 17:42:34 -0800 2011

ActionController::RoutingError (No route matches "/javascripts/jquery_ujs.js"):
  

Rendered /usr/local/lib/ruby/gems/1.8/gems/actionpack-3.0.9/lib/action_dispatch/middleware/templates/rescues/routing_error.erb within rescues/layout (3.9ms)


Started GET "/javascripts/jquery.js" for 127.0.0.1 at Wed Nov 16 17:42:34 -0800 2011

ActionController::RoutingError (No route matches "/javascripts/jquery.js"):
  

Rendered /usr/local/lib/ruby/gems/1.8/gems/actionpack-3.0.9/lib/action_dispatch/middleware/templates/rescues/routing_error.erb within rescues/layout (3.5ms)


Started GET "/javascripts/jquery_ujs.js" for 127.0.0.1 at Wed Nov 16 17:42:35 -0800 2011

ActionController::RoutingError (No route matches "/javascripts/jquery_ujs.js"):
  

Rendered /usr/local/lib/ruby/gems/1.8/gems/actionpack-3.0.9/lib/action_dispatch/middleware/templates/rescues/routing_error.erb within rescues/layout (3.5ms)


Started GET "/contacts" for 127.0.0.1 at Wed Nov 16 17:43:26 -0800 2011
  Processing by ContactsController#index as HTML
  [1m[36mContact Load (0.5ms)[0m  [1mSELECT `contacts`.* FROM `contacts`[0m
Rendered contacts/index.html.erb within layouts/application (17.4ms)
Completed 200 OK in 83ms (Views: 54.4ms | ActiveRecord: 0.5ms)


Started GET "/javascripts/jquery.js" for 127.0.0.1 at Wed Nov 16 17:43:27 -0800 2011

ActionController::RoutingError (No route matches "/javascripts/jquery.js"):
  

Rendered /usr/local/lib/ruby/gems/1.8/gems/actionpack-3.0.9/lib/action_dispatch/middleware/templates/rescues/routing_error.erb within rescues/layout (3.5ms)


Started GET "/javascripts/jquery_ujs.js" for 127.0.0.1 at Wed Nov 16 17:43:27 -0800 2011

ActionController::RoutingError (No route matches "/javascripts/jquery_ujs.js"):
  

Rendered /usr/local/lib/ruby/gems/1.8/gems/actionpack-3.0.9/lib/action_dispatch/middleware/templates/rescues/routing_error.erb within rescues/layout (5.7ms)


Started GET "/contacts/new" for 127.0.0.1 at Wed Nov 16 17:44:18 -0800 2011
  Processing by ContactsController#new as HTML
Rendered contacts/_form.html.erb (59.5ms)
Rendered contacts/new.html.erb within layouts/application (93.1ms)
Completed 200 OK in 158ms (Views: 116.3ms | ActiveRecord: 0.0ms)


Started GET "/javascripts/jquery.js" for 127.0.0.1 at Wed Nov 16 17:44:19 -0800 2011

ActionController::RoutingError (No route matches "/javascripts/jquery.js"):
  

Rendered /usr/local/lib/ruby/gems/1.8/gems/actionpack-3.0.9/lib/action_dispatch/middleware/templates/rescues/routing_error.erb within rescues/layout (4.7ms)


Started GET "/javascripts/jquery_ujs.js" for 127.0.0.1 at Wed Nov 16 17:44:19 -0800 2011

ActionController::RoutingError (No route matches "/javascripts/jquery_ujs.js"):
  

Rendered /usr/local/lib/ruby/gems/1.8/gems/actionpack-3.0.9/lib/action_dispatch/middleware/templates/rescues/routing_error.erb within rescues/layout (3.5ms)


Started GET "/" for 127.0.0.1 at Wed Nov 16 17:55:34 -0800 2011

ActionController::RoutingError (No route matches "/"):
  

Rendered /usr/local/lib/ruby/gems/1.8/gems/actionpack-3.0.9/lib/action_dispatch/middleware/templates/rescues/routing_error.erb within rescues/layout (3.1ms)
